2025-05-03 17:52:34,577 - httpx - INFO - HTTP Request: POST https://api.telegram.org/bot8022708659:AAH5ePvKtUkY3386DUTtliJgR2OBABGxMas/getMe "HTTP/1.1 200 OK"
2025-05-03 17:52:34,764 - httpx - INFO - HTTP Request: POST https://api.telegram.org/bot8022708659:AAH5ePvKtUkY3386DUTtliJgR2OBABGxMas/deleteWebhook "HTTP/1.1 200 OK"
2025-05-03 17:52:34,765 - telegram.ext.Application - INFO - Application started
2025-05-03 17:52:45,323 - httpx - INFO - HTTP Request: POST https://api.telegram.org/bot8022708659:AAH5ePvKtUkY3386DUTtliJgR2OBABGxMas/getUpdates "HTTP/1.1 200 OK"
2025-05-03 17:52:50,308 - httpx - INFO - HTTP Request: POST https://api.telegram.org/bot8022708659:AAH5ePvKtUkY3386DUTtliJgR2OBABGxMas/getUpdates "HTTP/1.1 200 OK"
2025-05-03 17:52:50,917 - httpx - INFO - HTTP Request: POST https://api.telegram.org/bot8022708659:AAH5ePvKtUkY3386DUTtliJgR2OBABGxMas/sendMessage "HTTP/1.1 200 OK"
2025-05-03 17:53:00,509 - httpx - INFO - HTTP Request: POST https://api.telegram.org/bot8022708659:AAH5ePvKtUkY3386DUTtliJgR2OBABGxMas/getUpdates "HTTP/1.1 200 OK"
2025-05-03 17:53:10,700 - httpx - INFO - HTTP Request: POST https://api.telegram.org/bot8022708659:AAH5ePvKtUkY3386DUTtliJgR2OBABGxMas/getUpdates "HTTP/1.1 200 OK"
2025-05-03 17:53:18,975 - httpx - INFO - HTTP Request: POST https://api.telegram.org/bot8022708659:AAH5ePvKtUkY3386DUTtliJgR2OBABGxMas/getUpdates "HTTP/1.1 200 OK"
2025-05-03 17:53:18,976 - telegram.ext.Application - INFO - Application is stopping. This might take a moment.
2025-05-03 17:53:18,976 - telegram.ext.Application - INFO - Application.stop() complete
2025-05-03 17:53:41,001 - httpx - INFO - HTTP Request: POST https://api.telegram.org/bot8022708659:AAH5ePvKtUkY3386DUTtliJgR2OBABGxMas/getMe "HTTP/1.1 200 OK"
2025-05-03 17:53:41,192 - httpx - INFO - HTTP Request: POST https://api.telegram.org/bot8022708659:AAH5ePvKtUkY3386DUTtliJgR2OBABGxMas/deleteWebhook "HTTP/1.1 200 OK"
2025-05-03 17:53:41,194 - telegram.ext.Application - INFO - Application started
2025-05-03 17:53:50,003 - httpx - INFO - HTTP Request: POST https://api.telegram.org/bot8022708659:AAH5ePvKtUkY3386DUTtliJgR2OBABGxMas/getUpdates "HTTP/1.1 200 OK"
2025-05-03 17:53:50,641 - httpx - INFO - HTTP Request: POST https://api.telegram.org/bot8022708659:AAH5ePvKtUkY3386DUTtliJgR2OBABGxMas/sendMessage "HTTP/1.1 200 OK"
2025-05-03 17:53:57,611 - httpx - INFO - HTTP Request: POST https://api.telegram.org/bot8022708659:AAH5ePvKtUkY3386DUTtliJgR2OBABGxMas/getUpdates "HTTP/1.1 200 OK"
2025-05-03 17:53:58,310 - httpx - INFO - HTTP Request: POST https://api.telegram.org/bot8022708659:AAH5ePvKtUkY3386DUTtliJgR2OBABGxMas/sendMessage "HTTP/1.1 200 OK"
2025-05-03 17:53:58,632 - httpx - INFO - HTTP Request: POST https://api.telegram.org/bot8022708659:AAH5ePvKtUkY3386DUTtliJgR2OBABGxMas/sendMessage "HTTP/1.1 200 OK"
2025-05-03 17:54:07,290 - httpx - INFO - HTTP Request: POST https://api.telegram.org/bot8022708659:AAH5ePvKtUkY3386DUTtliJgR2OBABGxMas/getUpdates "HTTP/1.1 200 OK"
2025-05-03 17:54:07,944 - httpx - INFO - HTTP Request: POST https://api.telegram.org/bot8022708659:AAH5ePvKtUkY3386DUTtliJgR2OBABGxMas/sendMessage "HTTP/1.1 200 OK"
2025-05-03 17:54:08,279 - httpx - INFO - HTTP Request: POST https://api.telegram.org/bot8022708659:AAH5ePvKtUkY3386DUTtliJgR2OBABGxMas/sendMessage "HTTP/1.1 200 OK"
2025-05-03 17:54:17,538 - httpx - INFO - HTTP Request: POST https://api.telegram.org/bot8022708659:AAH5ePvKtUkY3386DUTtliJgR2OBABGxMas/getUpdates "HTTP/1.1 200 OK"
2025-05-03 17:54:27,724 - httpx - INFO - HTTP Request: POST https://api.telegram.org/bot8022708659:AAH5ePvKtUkY3386DUTtliJgR2OBABGxMas/getUpdates "HTTP/1.1 200 OK"
2025-05-03 17:54:37,911 - httpx - INFO - HTTP Request: POST https://api.telegram.org/bot8022708659:AAH5ePvKtUkY3386DUTtliJgR2OBABGxMas/getUpdates "HTTP/1.1 200 OK"
2025-05-03 17:54:48,096 - httpx - INFO - HTTP Request: POST https://api.telegram.org/bot8022708659:AAH5ePvKtUkY3386DUTtliJgR2OBABGxMas/getUpdates "HTTP/1.1 200 OK"
2025-05-03 17:54:58,282 - httpx - INFO - HTTP Request: POST https://api.telegram.org/bot8022708659:AAH5ePvKtUkY3386DUTtliJgR2OBABGxMas/getUpdates "HTTP/1.1 200 OK"
2025-05-03 17:55:08,468 - httpx - INFO - HTTP Request: POST https://api.telegram.org/bot8022708659:AAH5ePvKtUkY3386DUTtliJgR2OBABGxMas/getUpdates "HTTP/1.1 200 OK"
2025-05-03 17:55:18,657 - httpx - INFO - HTTP Request: POST https://api.telegram.org/bot8022708659:AAH5ePvKtUkY3386DUTtliJgR2OBABGxMas/getUpdates "HTTP/1.1 200 OK"
2025-05-03 17:55:28,842 - httpx - INFO - HTTP Request: POST https://api.telegram.org/bot8022708659:AAH5ePvKtUkY3386DUTtliJgR2OBABGxMas/getUpdates "HTTP/1.1 200 OK"
2025-05-03 17:55:39,030 - httpx - INFO - HTTP Request: POST https://api.telegram.org/bot8022708659:AAH5ePvKtUkY3386DUTtliJgR2OBABGxMas/getUpdates "HTTP/1.1 200 OK"
2025-05-03 17:55:49,215 - httpx - INFO - HTTP Request: POST https://api.telegram.org/bot8022708659:AAH5ePvKtUkY3386DUTtliJgR2OBABGxMas/getUpdates "HTTP/1.1 200 OK"
2025-05-03 17:55:59,403 - httpx - INFO - HTTP Request: POST https://api.telegram.org/bot8022708659:AAH5ePvKtUkY3386DUTtliJgR2OBABGxMas/getUpdates "HTTP/1.1 200 OK"
2025-05-03 17:56:09,592 - httpx - INFO - HTTP Request: POST https://api.telegram.org/bot8022708659:AAH5ePvKtUkY3386DUTtliJgR2OBABGxMas/getUpdates "HTTP/1.1 200 OK"
2025-05-03 17:56:19,778 - httpx - INFO - HTTP Request: POST https://api.telegram.org/bot8022708659:AAH5ePvKtUkY3386DUTtliJgR2OBABGxMas/getUpdates "HTTP/1.1 200 OK"
2025-05-03 17:56:29,968 - httpx - INFO - HTTP Request: POST https://api.telegram.org/bot8022708659:AAH5ePvKtUkY3386DUTtliJgR2OBABGxMas/getUpdates "HTTP/1.1 200 OK"
2025-05-03 17:56:40,156 - httpx - INFO - HTTP Request: POST https://api.telegram.org/bot8022708659:AAH5ePvKtUkY3386DUTtliJgR2OBABGxMas/getUpdates "HTTP/1.1 200 OK"
2025-05-03 17:56:50,342 - httpx - INFO - HTTP Request: POST https://api.telegram.org/bot8022708659:AAH5ePvKtUkY3386DUTtliJgR2OBABGxMas/getUpdates "HTTP/1.1 200 OK"
2025-05-03 17:57:00,529 - httpx - INFO - HTTP Request: POST https://api.telegram.org/bot8022708659:AAH5ePvKtUkY3386DUTtliJgR2OBABGxMas/getUpdates "HTTP/1.1 200 OK"
2025-05-03 17:57:10,714 - httpx - INFO - HTTP Request: POST https://api.telegram.org/bot8022708659:AAH5ePvKtUkY3386DUTtliJgR2OBABGxMas/getUpdates "HTTP/1.1 200 OK"
2025-05-03 17:57:20,903 - httpx - INFO - HTTP Request: POST https://api.telegram.org/bot8022708659:AAH5ePvKtUkY3386DUTtliJgR2OBABGxMas/getUpdates "HTTP/1.1 200 OK"
2025-05-03 17:57:31,091 - httpx - INFO - HTTP Request: POST https://api.telegram.org/bot8022708659:AAH5ePvKtUkY3386DUTtliJgR2OBABGxMas/getUpdates "HTTP/1.1 200 OK"
2025-05-03 17:57:41,276 - httpx - INFO - HTTP Request: POST https://api.telegram.org/bot8022708659:AAH5ePvKtUkY3386DUTtliJgR2OBABGxMas/getUpdates "HTTP/1.1 200 OK"
2025-05-03 17:57:51,461 - httpx - INFO - HTTP Request: POST https://api.telegram.org/bot8022708659:AAH5ePvKtUkY3386DUTtliJgR2OBABGxMas/getUpdates "HTTP/1.1 200 OK"
2025-05-03 17:58:01,651 - httpx - INFO - HTTP Request: POST https://api.telegram.org/bot8022708659:AAH5ePvKtUkY3386DUTtliJgR2OBABGxMas/getUpdates "HTTP/1.1 200 OK"
2025-05-03 17:58:11,841 - httpx - INFO - HTTP Request: POST https://api.telegram.org/bot8022708659:AAH5ePvKtUkY3386DUTtliJgR2OBABGxMas/getUpdates "HTTP/1.1 200 OK"
2025-05-03 17:58:22,032 - httpx - INFO - HTTP Request: POST https://api.telegram.org/bot8022708659:AAH5ePvKtUkY3386DUTtliJgR2OBABGxMas/getUpdates "HTTP/1.1 200 OK"
2025-05-03 17:58:32,219 - httpx - INFO - HTTP Request: POST https://api.telegram.org/bot8022708659:AAH5ePvKtUkY3386DUTtliJgR2OBABGxMas/getUpdates "HTTP/1.1 200 OK"
2025-05-03 17:58:42,406 - httpx - INFO - HTTP Request: POST https://api.telegram.org/bot8022708659:AAH5ePvKtUkY3386DUTtliJgR2OBABGxMas/getUpdates "HTTP/1.1 200 OK"
2025-05-03 17:58:52,606 - httpx - INFO - HTTP Request: POST https://api.telegram.org/bot8022708659:AAH5ePvKtUkY3386DUTtliJgR2OBABGxMas/getUpdates "HTTP/1.1 200 OK"
2025-05-03 17:59:02,798 - httpx - INFO - HTTP Request: POST https://api.telegram.org/bot8022708659:AAH5ePvKtUkY3386DUTtliJgR2OBABGxMas/getUpdates "HTTP/1.1 200 OK"
2025-05-03 17:59:12,983 - httpx - INFO - HTTP Request: POST https://api.telegram.org/bot8022708659:AAH5ePvKtUkY3386DUTtliJgR2OBABGxMas/getUpdates "HTTP/1.1 200 OK"
2025-05-03 17:59:23,171 - httpx - INFO - HTTP Request: POST https://api.telegram.org/bot8022708659:AAH5ePvKtUkY3386DUTtliJgR2OBABGxMas/getUpdates "HTTP/1.1 200 OK"
2025-05-03 17:59:28,240 - httpx - INFO - HTTP Request: POST https://api.telegram.org/bot8022708659:AAH5ePvKtUkY3386DUTtliJgR2OBABGxMas/getUpdates "HTTP/1.1 200 OK"
2025-05-03 17:59:28,240 - telegram.ext.Application - INFO - Application is stopping. This might take a moment.
2025-05-03 17:59:28,240 - telegram.ext.Application - INFO - Application.stop() complete
2025-05-03 18:00:01,630 - httpx - INFO - HTTP Request: POST https://api.telegram.org/bot8022708659:AAH5ePvKtUkY3386DUTtliJgR2OBABGxMas/getMe "HTTP/1.1 200 OK"
2025-05-03 18:00:01,816 - httpx - INFO - HTTP Request: POST https://api.telegram.org/bot8022708659:AAH5ePvKtUkY3386DUTtliJgR2OBABGxMas/deleteWebhook "HTTP/1.1 200 OK"
2025-05-03 18:00:01,818 - telegram.ext.Application - INFO - Application started
2025-05-03 18:00:12,388 - httpx - INFO - HTTP Request: POST https://api.telegram.org/bot8022708659:AAH5ePvKtUkY3386DUTtliJgR2OBABGxMas/getUpdates "HTTP/1.1 200 OK"
2025-05-03 18:00:22,573 - httpx - INFO - HTTP Request: POST https://api.telegram.org/bot8022708659:AAH5ePvKtUkY3386DUTtliJgR2OBABGxMas/getUpdates "HTTP/1.1 200 OK"
2025-05-03 18:00:27,670 - httpx - INFO - HTTP Request: POST https://api.telegram.org/bot8022708659:AAH5ePvKtUkY3386DUTtliJgR2OBABGxMas/getUpdates "HTTP/1.1 200 OK"
2025-05-03 18:00:28,294 - httpx - INFO - HTTP Request: POST https://api.telegram.org/bot8022708659:AAH5ePvKtUkY3386DUTtliJgR2OBABGxMas/sendMessage "HTTP/1.1 200 OK"
2025-05-03 18:00:32,887 - httpx - INFO - HTTP Request: POST https://api.telegram.org/bot8022708659:AAH5ePvKtUkY3386DUTtliJgR2OBABGxMas/getUpdates "HTTP/1.1 200 OK"
2025-05-03 18:00:33,196 - httpx - INFO - HTTP Request: POST https://api.telegram.org/bot8022708659:AAH5ePvKtUkY3386DUTtliJgR2OBABGxMas/sendMessage "HTTP/1.1 200 OK"
2025-05-03 18:00:33,421 - httpx - INFO - HTTP Request: POST https://api.telegram.org/bot8022708659:AAH5ePvKtUkY3386DUTtliJgR2OBABGxMas/sendMessage "HTTP/1.1 200 OK"
2025-05-03 18:00:38,125 - httpx - INFO - HTTP Request: POST https://api.telegram.org/bot8022708659:AAH5ePvKtUkY3386DUTtliJgR2OBABGxMas/getUpdates "HTTP/1.1 200 OK"
2025-05-03 18:00:38,340 - httpx - INFO - HTTP Request: POST https://api.telegram.org/bot8022708659:AAH5ePvKtUkY3386DUTtliJgR2OBABGxMas/sendMessage "HTTP/1.1 200 OK"
2025-05-03 18:00:48,312 - httpx - INFO - HTTP Request: POST https://api.telegram.org/bot8022708659:AAH5ePvKtUkY3386DUTtliJgR2OBABGxMas/getUpdates "HTTP/1.1 200 OK"
2025-05-03 18:00:50,500 - httpx - INFO - HTTP Request: POST https://api.telegram.org/bot8022708659:AAH5ePvKtUkY3386DUTtliJgR2OBABGxMas/getUpdates "HTTP/1.1 200 OK"
2025-05-03 18:00:51,195 - httpx - INFO - HTTP Request: POST https://api.telegram.org/bot8022708659:AAH5ePvKtUkY3386DUTtliJgR2OBABGxMas/sendMessage "HTTP/1.1 200 OK"
2025-05-03 18:00:51,407 - httpx - INFO - HTTP Request: POST https://api.telegram.org/bot8022708659:AAH5ePvKtUkY3386DUTtliJgR2OBABGxMas/sendMessage "HTTP/1.1 200 OK"
2025-05-03 18:01:00,794 - httpx - INFO - HTTP Request: POST https://api.telegram.org/bot8022708659:AAH5ePvKtUkY3386DUTtliJgR2OBABGxMas/getUpdates "HTTP/1.1 200 OK"
2025-05-03 18:01:10,980 - httpx - INFO - HTTP Request: POST https://api.telegram.org/bot8022708659:AAH5ePvKtUkY3386DUTtliJgR2OBABGxMas/getUpdates "HTTP/1.1 200 OK"
2025-05-03 18:01:21,166 - httpx - INFO - HTTP Request: POST https://api.telegram.org/bot8022708659:AAH5ePvKtUkY3386DUTtliJgR2OBABGxMas/getUpdates "HTTP/1.1 200 OK"
2025-05-03 18:01:31,358 - httpx - INFO - HTTP Request: POST https://api.telegram.org/bot8022708659:AAH5ePvKtUkY3386DUTtliJgR2OBABGxMas/getUpdates "HTTP/1.1 200 OK"
2025-05-03 18:01:41,544 - httpx - INFO - HTTP Request: POST https://api.telegram.org/bot8022708659:AAH5ePvKtUkY3386DUTtliJgR2OBABGxMas/getUpdates "HTTP/1.1 200 OK"
2025-05-03 18:01:51,730 - httpx - INFO - HTTP Request: POST https://api.telegram.org/bot8022708659:AAH5ePvKtUkY3386DUTtliJgR2OBABGxMas/getUpdates "HTTP/1.1 200 OK"
2025-05-03 18:02:01,916 - httpx - INFO - HTTP Request: POST https://api.telegram.org/bot8022708659:AAH5ePvKtUkY3386DUTtliJgR2OBABGxMas/getUpdates "HTTP/1.1 200 OK"
2025-05-03 18:02:12,102 - httpx - INFO - HTTP Request: POST https://api.telegram.org/bot8022708659:AAH5ePvKtUkY3386DUTtliJgR2OBABGxMas/getUpdates "HTTP/1.1 200 OK"
2025-05-03 18:02:22,287 - httpx - INFO - HTTP Request: POST https://api.telegram.org/bot8022708659:AAH5ePvKtUkY3386DUTtliJgR2OBABGxMas/getUpdates "HTTP/1.1 200 OK"
2025-05-03 18:02:32,473 - httpx - INFO - HTTP Request: POST https://api.telegram.org/bot8022708659:AAH5ePvKtUkY3386DUTtliJgR2OBABGxMas/getUpdates "HTTP/1.1 200 OK"
2025-05-03 18:02:42,659 - httpx - INFO - HTTP Request: POST https://api.telegram.org/bot8022708659:AAH5ePvKtUkY3386DUTtliJgR2OBABGxMas/getUpdates "HTTP/1.1 200 OK"
2025-05-03 18:02:52,880 - httpx - INFO - HTTP Request: POST https://api.telegram.org/bot8022708659:AAH5ePvKtUkY3386DUTtliJgR2OBABGxMas/getUpdates "HTTP/1.1 200 OK"
2025-05-03 18:03:03,066 - httpx - INFO - HTTP Request: POST https://api.telegram.org/bot8022708659:AAH5ePvKtUkY3386DUTtliJgR2OBABGxMas/getUpdates "HTTP/1.1 200 OK"
2025-05-03 18:03:13,251 - httpx - INFO - HTTP Request: POST https://api.telegram.org/bot8022708659:AAH5ePvKtUkY3386DUTtliJgR2OBABGxMas/getUpdates "HTTP/1.1 200 OK"
2025-05-03 18:03:23,443 - httpx - INFO - HTTP Request: POST https://api.telegram.org/bot8022708659:AAH5ePvKtUkY3386DUTtliJgR2OBABGxMas/getUpdates "HTTP/1.1 200 OK"
2025-05-03 18:03:33,628 - httpx - INFO - HTTP Request: POST https://api.telegram.org/bot8022708659:AAH5ePvKtUkY3386DUTtliJgR2OBABGxMas/getUpdates "HTTP/1.1 200 OK"
2025-05-03 18:03:43,813 - httpx - INFO - HTTP Request: POST https://api.telegram.org/bot8022708659:AAH5ePvKtUkY3386DUTtliJgR2OBABGxMas/getUpdates "HTTP/1.1 200 OK"
2025-05-03 18:03:53,998 - httpx - INFO - HTTP Request: POST https://api.telegram.org/bot8022708659:AAH5ePvKtUkY3386DUTtliJgR2OBABGxMas/getUpdates "HTTP/1.1 200 OK"
2025-05-03 18:04:04,183 - httpx - INFO - HTTP Request: POST https://api.telegram.org/bot8022708659:AAH5ePvKtUkY3386DUTtliJgR2OBABGxMas/getUpdates "HTTP/1.1 200 OK"
2025-05-03 18:04:14,369 - httpx - INFO - HTTP Request: POST https://api.telegram.org/bot8022708659:AAH5ePvKtUkY3386DUTtliJgR2OBABGxMas/getUpdates "HTTP/1.1 200 OK"
2025-05-03 18:04:24,556 - httpx - INFO - HTTP Request: POST https://api.telegram.org/bot8022708659:AAH5ePvKtUkY3386DUTtliJgR2OBABGxMas/getUpdates "HTTP/1.1 200 OK"
2025-05-03 18:04:34,745 - httpx - INFO - HTTP Request: POST https://api.telegram.org/bot8022708659:AAH5ePvKtUkY3386DUTtliJgR2OBABGxMas/getUpdates "HTTP/1.1 200 OK"
2025-05-03 18:04:36,778 - httpx - INFO - HTTP Request: POST https://api.telegram.org/bot8022708659:AAH5ePvKtUkY3386DUTtliJgR2OBABGxMas/getUpdates "HTTP/1.1 200 OK"
2025-05-03 18:04:37,389 - httpx - INFO - HTTP Request: POST https://api.telegram.org/bot8022708659:AAH5ePvKtUkY3386DUTtliJgR2OBABGxMas/sendMessage "HTTP/1.1 200 OK"
2025-05-03 18:04:46,971 - httpx - INFO - HTTP Request: POST https://api.telegram.org/bot8022708659:AAH5ePvKtUkY3386DUTtliJgR2OBABGxMas/getUpdates "HTTP/1.1 200 OK"
2025-05-03 18:04:57,073 - httpx - INFO - HTTP Request: POST https://api.telegram.org/bot8022708659:AAH5ePvKtUkY3386DUTtliJgR2OBABGxMas/getUpdates "HTTP/1.1 200 OK"
2025-05-03 18:04:57,667 - httpx - INFO - HTTP Request: POST https://api.telegram.org/bot8022708659:AAH5ePvKtUkY3386DUTtliJgR2OBABGxMas/sendMessage "HTTP/1.1 200 OK"
2025-05-03 18:05:07,261 - httpx - INFO - HTTP Request: POST https://api.telegram.org/bot8022708659:AAH5ePvKtUkY3386DUTtliJgR2OBABGxMas/getUpdates "HTTP/1.1 200 OK"
2025-05-03 18:05:13,111 - httpx - INFO - HTTP Request: POST https://api.telegram.org/bot8022708659:AAH5ePvKtUkY3386DUTtliJgR2OBABGxMas/getUpdates "HTTP/1.1 200 OK"
2025-05-03 18:05:20,841 - httpx - INFO - HTTP Request: POST https://api.telegram.org/bot8022708659:AAH5ePvKtUkY3386DUTtliJgR2OBABGxMas/getUpdates "HTTP/1.1 200 OK"
2025-05-03 18:05:21,428 - httpx - INFO - HTTP Request: POST https://api.telegram.org/bot8022708659:AAH5ePvKtUkY3386DUTtliJgR2OBABGxMas/sendMessage "HTTP/1.1 200 OK"
2025-05-03 18:05:21,629 - httpx - INFO - HTTP Request: POST https://api.telegram.org/bot8022708659:AAH5ePvKtUkY3386DUTtliJgR2OBABGxMas/answerCallbackQuery "HTTP/1.1 200 OK"
2025-05-03 18:05:31,028 - httpx - INFO - HTTP Request: POST https://api.telegram.org/bot8022708659:AAH5ePvKtUkY3386DUTtliJgR2OBABGxMas/getUpdates "HTTP/1.1 200 OK"
2025-05-03 18:05:39,708 - httpx - INFO - HTTP Request: POST https://api.telegram.org/bot8022708659:AAH5ePvKtUkY3386DUTtliJgR2OBABGxMas/getUpdates "HTTP/1.1 200 OK"
2025-05-03 18:05:40,449 - httpx - INFO - HTTP Request: POST https://api.telegram.org/bot8022708659:AAH5ePvKtUkY3386DUTtliJgR2OBABGxMas/sendMessage "HTTP/1.1 200 OK"
2025-05-03 18:05:40,724 - httpx - INFO - HTTP Request: POST https://api.telegram.org/bot8022708659:AAH5ePvKtUkY3386DUTtliJgR2OBABGxMas/sendMessage "HTTP/1.1 200 OK"
2025-05-03 18:05:49,938 - httpx - INFO - HTTP Request: POST https://api.telegram.org/bot8022708659:AAH5ePvKtUkY3386DUTtliJgR2OBABGxMas/getUpdates "HTTP/1.1 200 OK"
2025-05-03 18:06:00,124 - httpx - INFO - HTTP Request: POST https://api.telegram.org/bot8022708659:AAH5ePvKtUkY3386DUTtliJgR2OBABGxMas/getUpdates "HTTP/1.1 200 OK"
2025-05-03 18:06:03,774 - httpx - INFO - HTTP Request: POST https://api.telegram.org/bot8022708659:AAH5ePvKtUkY3386DUTtliJgR2OBABGxMas/getUpdates "HTTP/1.1 200 OK"
2025-05-03 18:06:04,353 - httpx - INFO - HTTP Request: POST https://api.telegram.org/bot8022708659:AAH5ePvKtUkY3386DUTtliJgR2OBABGxMas/sendMessage "HTTP/1.1 200 OK"
2025-05-03 18:10:33,466 - httpx - INFO - HTTP Request: POST https://api.telegram.org/bot8022708659:AAH5ePvKtUkY3386DUTtliJgR2OBABGxMas/getMe "HTTP/1.1 200 OK"
2025-05-03 18:10:33,657 - httpx - INFO - HTTP Request: POST https://api.telegram.org/bot8022708659:AAH5ePvKtUkY3386DUTtliJgR2OBABGxMas/deleteWebhook "HTTP/1.1 200 OK"
2025-05-03 18:10:33,658 - telegram.ext.Application - INFO - Application started
2025-05-03 18:10:34,210 - httpx - INFO - HTTP Request: POST https://api.telegram.org/bot8022708659:AAH5ePvKtUkY3386DUTtliJgR2OBABGxMas/getUpdates "HTTP/1.1 200 OK"
2025-05-03 18:10:44,395 - httpx - INFO - HTTP Request: POST https://api.telegram.org/bot8022708659:AAH5ePvKtUkY3386DUTtliJgR2OBABGxMas/getUpdates "HTTP/1.1 200 OK"
2025-05-03 18:10:54,589 - httpx - INFO - HTTP Request: POST https://api.telegram.org/bot8022708659:AAH5ePvKtUkY3386DUTtliJgR2OBABGxMas/getUpdates "HTTP/1.1 200 OK"
2025-05-03 18:10:55,764 - httpx - INFO - HTTP Request: POST https://api.telegram.org/bot8022708659:AAH5ePvKtUkY3386DUTtliJgR2OBABGxMas/getUpdates "HTTP/1.1 200 OK"
2025-05-03 18:10:56,400 - httpx - INFO - HTTP Request: POST https://api.telegram.org/bot8022708659:AAH5ePvKtUkY3386DUTtliJgR2OBABGxMas/sendMessage "HTTP/1.1 200 OK"
2025-05-03 18:11:01,226 - httpx - INFO - HTTP Request: POST https://api.telegram.org/bot8022708659:AAH5ePvKtUkY3386DUTtliJgR2OBABGxMas/getUpdates "HTTP/1.1 200 OK"
2025-05-03 18:11:01,433 - httpx - INFO - HTTP Request: POST https://api.telegram.org/bot8022708659:AAH5ePvKtUkY3386DUTtliJgR2OBABGxMas/sendMessage "HTTP/1.1 200 OK"
2025-05-03 18:11:03,883 - httpx - INFO - HTTP Request: POST https://api.telegram.org/bot8022708659:AAH5ePvKtUkY3386DUTtliJgR2OBABGxMas/getUpdates "HTTP/1.1 200 OK"
2025-05-03 18:11:04,110 - httpx - INFO - HTTP Request: POST https://api.telegram.org/bot8022708659:AAH5ePvKtUkY3386DUTtliJgR2OBABGxMas/sendMessage "HTTP/1.1 200 OK"
2025-05-03 18:11:04,348 - httpx - INFO - HTTP Request: POST https://api.telegram.org/bot8022708659:AAH5ePvKtUkY3386DUTtliJgR2OBABGxMas/answerCallbackQuery "HTTP/1.1 200 OK"
2025-05-03 18:11:11,812 - httpx - INFO - HTTP Request: POST https://api.telegram.org/bot8022708659:AAH5ePvKtUkY3386DUTtliJgR2OBABGxMas/getUpdates "HTTP/1.1 200 OK"
2025-05-03 18:11:12,422 - httpx - INFO - HTTP Request: POST https://api.telegram.org/bot8022708659:AAH5ePvKtUkY3386DUTtliJgR2OBABGxMas/sendMessage "HTTP/1.1 200 OK"
2025-05-03 18:11:21,063 - httpx - INFO - HTTP Request: POST https://api.telegram.org/bot8022708659:AAH5ePvKtUkY3386DUTtliJgR2OBABGxMas/getUpdates "HTTP/1.1 200 OK"
2025-05-03 18:11:21,651 - httpx - INFO - HTTP Request: POST https://api.telegram.org/bot8022708659:AAH5ePvKtUkY3386DUTtliJgR2OBABGxMas/sendMessage "HTTP/1.1 200 OK"
2025-05-03 18:11:21,899 - httpx - INFO - HTTP Request: POST https://api.telegram.org/bot8022708659:AAH5ePvKtUkY3386DUTtliJgR2OBABGxMas/answerCallbackQuery "HTTP/1.1 200 OK"
2025-05-03 18:11:31,257 - httpx - INFO - HTTP Request: POST https://api.telegram.org/bot8022708659:AAH5ePvKtUkY3386DUTtliJgR2OBABGxMas/getUpdates "HTTP/1.1 200 OK"
2025-05-03 18:11:41,447 - httpx - INFO - HTTP Request: POST https://api.telegram.org/bot8022708659:AAH5ePvKtUkY3386DUTtliJgR2OBABGxMas/getUpdates "HTTP/1.1 200 OK"
2025-05-03 18:11:51,635 - httpx - INFO - HTTP Request: POST https://api.telegram.org/bot8022708659:AAH5ePvKtUkY3386DUTtliJgR2OBABGxMas/getUpdates "HTTP/1.1 200 OK"
2025-05-03 18:12:01,823 - httpx - INFO - HTTP Request: POST https://api.telegram.org/bot8022708659:AAH5ePvKtUkY3386DUTtliJgR2OBABGxMas/getUpdates "HTTP/1.1 200 OK"
2025-05-03 18:12:12,013 - httpx - INFO - HTTP Request: POST https://api.telegram.org/bot8022708659:AAH5ePvKtUkY3386DUTtliJgR2OBABGxMas/getUpdates "HTTP/1.1 200 OK"
2025-05-03 18:12:22,204 - httpx - INFO - HTTP Request: POST https://api.telegram.org/bot8022708659:AAH5ePvKtUkY3386DUTtliJgR2OBABGxMas/getUpdates "HTTP/1.1 200 OK"
2025-05-03 18:12:32,398 - httpx - INFO - HTTP Request: POST https://api.telegram.org/bot8022708659:AAH5ePvKtUkY3386DUTtliJgR2OBABGxMas/getUpdates "HTTP/1.1 200 OK"
2025-05-03 18:12:42,592 - httpx - INFO - HTTP Request: POST https://api.telegram.org/bot8022708659:AAH5ePvKtUkY3386DUTtliJgR2OBABGxMas/getUpdates "HTTP/1.1 200 OK"
2025-05-03 18:12:52,778 - httpx - INFO - HTTP Request: POST https://api.telegram.org/bot8022708659:AAH5ePvKtUkY3386DUTtliJgR2OBABGxMas/getUpdates "HTTP/1.1 200 OK"
2025-05-03 18:13:02,968 - httpx - INFO - HTTP Request: POST https://api.telegram.org/bot8022708659:AAH5ePvKtUkY3386DUTtliJgR2OBABGxMas/getUpdates "HTTP/1.1 200 OK"
2025-05-03 18:13:13,162 - httpx - INFO - HTTP Request: POST https://api.telegram.org/bot8022708659:AAH5ePvKtUkY3386DUTtliJgR2OBABGxMas/getUpdates "HTTP/1.1 200 OK"
2025-05-03 18:13:23,367 - httpx - INFO - HTTP Request: POST https://api.telegram.org/bot8022708659:AAH5ePvKtUkY3386DUTtliJgR2OBABGxMas/getUpdates "HTTP/1.1 200 OK"
2025-05-03 18:13:33,553 - httpx - INFO - HTTP Request: POST https://api.telegram.org/bot8022708659:AAH5ePvKtUkY3386DUTtliJgR2OBABGxMas/getUpdates "HTTP/1.1 200 OK"
2025-05-03 18:13:43,740 - httpx - INFO - HTTP Request: POST https://api.telegram.org/bot8022708659:AAH5ePvKtUkY3386DUTtliJgR2OBABGxMas/getUpdates "HTTP/1.1 200 OK"
2025-05-03 18:18:11,678 - httpx - INFO - HTTP Request: POST https://api.telegram.org/bot8022708659:AAH5ePvKtUkY3386DUTtliJgR2OBABGxMas/getMe "HTTP/1.1 200 OK"
2025-05-03 18:18:11,864 - httpx - INFO - HTTP Request: POST https://api.telegram.org/bot8022708659:AAH5ePvKtUkY3386DUTtliJgR2OBABGxMas/deleteWebhook "HTTP/1.1 200 OK"
2025-05-03 18:18:11,865 - telegram.ext.Application - INFO - Application started
2025-05-03 18:18:22,422 - httpx - INFO - HTTP Request: POST https://api.telegram.org/bot8022708659:AAH5ePvKtUkY3386DUTtliJgR2OBABGxMas/getUpdates "HTTP/1.1 200 OK"
2025-05-03 18:18:23,902 - httpx - INFO - HTTP Request: POST https://api.telegram.org/bot8022708659:AAH5ePvKtUkY3386DUTtliJgR2OBABGxMas/getUpdates "HTTP/1.1 200 OK"
2025-05-03 18:18:24,572 - httpx - INFO - HTTP Request: POST https://api.telegram.org/bot8022708659:AAH5ePvKtUkY3386DUTtliJgR2OBABGxMas/sendMessage "HTTP/1.1 200 OK"
2025-05-03 18:18:30,357 - httpx - INFO - HTTP Request: POST https://api.telegram.org/bot8022708659:AAH5ePvKtUkY3386DUTtliJgR2OBABGxMas/getUpdates "HTTP/1.1 200 OK"
2025-05-03 18:18:31,005 - httpx - INFO - HTTP Request: POST https://api.telegram.org/bot8022708659:AAH5ePvKtUkY3386DUTtliJgR2OBABGxMas/sendMessage "HTTP/1.1 200 OK"
2025-05-03 18:18:32,634 - httpx - INFO - HTTP Request: POST https://api.telegram.org/bot8022708659:AAH5ePvKtUkY3386DUTtliJgR2OBABGxMas/getUpdates "HTTP/1.1 200 OK"
2025-05-03 18:18:32,635 - telegram.ext.Application - ERROR - No error handlers are registered, logging exception.
Traceback (most recent call last):
  File "/home/runner/workspace/.pythonlibs/lib/python3.11/site-packages/telegram/ext/_application.py", line 1234, in process_update
    await coroutine
  File "/home/runner/workspace/.pythonlibs/lib/python3.11/site-packages/telegram/ext/_basehandler.py", line 157, in handle_update
    return await self.callback(update, context)
           ^^^^^^^^^^^^^^^^^^^^^^^^^^^^^^^^^^^^
  File "/home/runner/workspace/admin_panel.py", line 53, in button_callback
    await send_mailing(query.message, context)  # Исправлено на query.message для корректного контекста
    ^^^^^^^^^^^^^^^^^^^^^^^^^^^^^^^^^^^^^^^^^^
  File "/home/runner/workspace/admin_panel.py", line 68, in send_mailing
    if update.message.from_user.id not in ADMIN_IDS:
       ^^^^^^^^^^^^^^
AttributeError: 'Message' object has no attribute 'message'
2025-05-03 18:18:37,424 - httpx - INFO - HTTP Request: POST https://api.telegram.org/bot8022708659:AAH5ePvKtUkY3386DUTtliJgR2OBABGxMas/getUpdates "HTTP/1.1 200 OK"
2025-05-03 18:18:38,075 - httpx - INFO - HTTP Request: POST https://api.telegram.org/bot8022708659:AAH5ePvKtUkY3386DUTtliJgR2OBABGxMas/sendMessage "HTTP/1.1 200 OK"
2025-05-03 18:18:38,326 - httpx - INFO - HTTP Request: POST https://api.telegram.org/bot8022708659:AAH5ePvKtUkY3386DUTtliJgR2OBABGxMas/answerCallbackQuery "HTTP/1.1 200 OK"
2025-05-03 18:18:42,612 - httpx - INFO - HTTP Request: POST https://api.telegram.org/bot8022708659:AAH5ePvKtUkY3386DUTtliJgR2OBABGxMas/getUpdates "HTTP/1.1 200 OK"
2025-05-03 18:18:42,837 - httpx - INFO - HTTP Request: POST https://api.telegram.org/bot8022708659:AAH5ePvKtUkY3386DUTtliJgR2OBABGxMas/sendMessage "HTTP/1.1 200 OK"
2025-05-03 18:18:45,869 - httpx - INFO - HTTP Request: POST https://api.telegram.org/bot8022708659:AAH5ePvKtUkY3386DUTtliJgR2OBABGxMas/getUpdates "HTTP/1.1 200 OK"
2025-05-03 18:18:45,871 - telegram.ext.Application - ERROR - No error handlers are registered, logging exception.
Traceback (most recent call last):
  File "/home/runner/workspace/.pythonlibs/lib/python3.11/site-packages/telegram/ext/_application.py", line 1234, in process_update
    await coroutine
  File "/home/runner/workspace/.pythonlibs/lib/python3.11/site-packages/telegram/ext/_basehandler.py", line 157, in handle_update
    return await self.callback(update, context)
           ^^^^^^^^^^^^^^^^^^^^^^^^^^^^^^^^^^^^
  File "/home/runner/workspace/admin_panel.py", line 53, in button_callback
    await send_mailing(query.message, context)  # Исправлено на query.message для корректного контекста
    ^^^^^^^^^^^^^^^^^^^^^^^^^^^^^^^^^^^^^^^^^^
  File "/home/runner/workspace/admin_panel.py", line 68, in send_mailing
    if update.message.from_user.id not in ADMIN_IDS:
       ^^^^^^^^^^^^^^
AttributeError: 'Message' object has no attribute 'message'
2025-05-03 18:18:56,057 - httpx - INFO - HTTP Request: POST https://api.telegram.org/bot8022708659:AAH5ePvKtUkY3386DUTtliJgR2OBABGxMas/getUpdates "HTTP/1.1 200 OK"
2025-05-03 18:19:06,246 - httpx - INFO - HTTP Request: POST https://api.telegram.org/bot8022708659:AAH5ePvKtUkY3386DUTtliJgR2OBABGxMas/getUpdates "HTTP/1.1 200 OK"
2025-05-03 18:19:16,433 - httpx - INFO - HTTP Request: POST https://api.telegram.org/bot8022708659:AAH5ePvKtUkY3386DUTtliJgR2OBABGxMas/getUpdates "HTTP/1.1 200 OK"
2025-05-03 18:19:16,954 - httpx - INFO - HTTP Request: POST https://api.telegram.org/bot8022708659:AAH5ePvKtUkY3386DUTtliJgR2OBABGxMas/getUpdates "HTTP/1.1 200 OK"
2025-05-03 18:19:17,599 - httpx - INFO - HTTP Request: POST https://api.telegram.org/bot8022708659:AAH5ePvKtUkY3386DUTtliJgR2OBABGxMas/sendMessage "HTTP/1.1 200 OK"
2025-05-03 18:19:20,659 - httpx - INFO - HTTP Request: POST https://api.telegram.org/bot8022708659:AAH5ePvKtUkY3386DUTtliJgR2OBABGxMas/getUpdates "HTTP/1.1 200 OK"
2025-05-03 18:19:20,921 - httpx - INFO - HTTP Request: POST https://api.telegram.org/bot8022708659:AAH5ePvKtUkY3386DUTtliJgR2OBABGxMas/sendMessage "HTTP/1.1 200 OK"
2025-05-03 18:19:30,846 - httpx - INFO - HTTP Request: POST https://api.telegram.org/bot8022708659:AAH5ePvKtUkY3386DUTtliJgR2OBABGxMas/getUpdates "HTTP/1.1 200 OK"
2025-05-03 18:19:41,034 - httpx - INFO - HTTP Request: POST https://api.telegram.org/bot8022708659:AAH5ePvKtUkY3386DUTtliJgR2OBABGxMas/getUpdates "HTTP/1.1 200 OK"
2025-05-03 18:19:51,222 - httpx - INFO - HTTP Request: POST https://api.telegram.org/bot8022708659:AAH5ePvKtUkY3386DUTtliJgR2OBABGxMas/getUpdates "HTTP/1.1 200 OK"
2025-05-03 18:20:01,411 - httpx - INFO - HTTP Request: POST https://api.telegram.org/bot8022708659:AAH5ePvKtUkY3386DUTtliJgR2OBABGxMas/getUpdates "HTTP/1.1 200 OK"
2025-05-03 18:20:11,598 - httpx - INFO - HTTP Request: POST https://api.telegram.org/bot8022708659:AAH5ePvKtUkY3386DUTtliJgR2OBABGxMas/getUpdates "HTTP/1.1 200 OK"
2025-05-03 18:20:21,785 - httpx - INFO - HTTP Request: POST https://api.telegram.org/bot8022708659:AAH5ePvKtUkY3386DUTtliJgR2OBABGxMas/getUpdates "HTTP/1.1 200 OK"
2025-05-03 18:20:31,971 - httpx - INFO - HTTP Request: POST https://api.telegram.org/bot8022708659:AAH5ePvKtUkY3386DUTtliJgR2OBABGxMas/getUpdates "HTTP/1.1 200 OK"
2025-05-03 18:20:42,158 - httpx - INFO - HTTP Request: POST https://api.telegram.org/bot8022708659:AAH5ePvKtUkY3386DUTtliJgR2OBABGxMas/getUpdates "HTTP/1.1 200 OK"
2025-05-03 18:20:52,370 - httpx - INFO - HTTP Request: POST https://api.telegram.org/bot8022708659:AAH5ePvKtUkY3386DUTtliJgR2OBABGxMas/getUpdates "HTTP/1.1 200 OK"
2025-05-03 18:21:02,558 - httpx - INFO - HTTP Request: POST https://api.telegram.org/bot8022708659:AAH5ePvKtUkY3386DUTtliJgR2OBABGxMas/getUpdates "HTTP/1.1 200 OK"
2025-05-03 18:21:12,744 - httpx - INFO - HTTP Request: POST https://api.telegram.org/bot8022708659:AAH5ePvKtUkY3386DUTtliJgR2OBABGxMas/getUpdates "HTTP/1.1 200 OK"
2025-05-03 18:21:22,934 - httpx - INFO - HTTP Request: POST https://api.telegram.org/bot8022708659:AAH5ePvKtUkY3386DUTtliJgR2OBABGxMas/getUpdates "HTTP/1.1 200 OK"
2025-05-03 18:21:33,127 - httpx - INFO - HTTP Request: POST https://api.telegram.org/bot8022708659:AAH5ePvKtUkY3386DUTtliJgR2OBABGxMas/getUpdates "HTTP/1.1 200 OK"
2025-05-03 18:21:43,315 - httpx - INFO - HTTP Request: POST https://api.telegram.org/bot8022708659:AAH5ePvKtUkY3386DUTtliJgR2OBABGxMas/getUpdates "HTTP/1.1 200 OK"
2025-05-03 18:21:53,503 - httpx - INFO - HTTP Request: POST https://api.telegram.org/bot8022708659:AAH5ePvKtUkY3386DUTtliJgR2OBABGxMas/getUpdates "HTTP/1.1 200 OK"
2025-05-03 18:22:03,691 - httpx - INFO - HTTP Request: POST https://api.telegram.org/bot8022708659:AAH5ePvKtUkY3386DUTtliJgR2OBABGxMas/getUpdates "HTTP/1.1 200 OK"
2025-05-03 18:22:13,877 - httpx - INFO - HTTP Request: POST https://api.telegram.org/bot8022708659:AAH5ePvKtUkY3386DUTtliJgR2OBABGxMas/getUpdates "HTTP/1.1 200 OK"
2025-05-03 18:22:24,067 - httpx - INFO - HTTP Request: POST https://api.telegram.org/bot8022708659:AAH5ePvKtUkY3386DUTtliJgR2OBABGxMas/getUpdates "HTTP/1.1 200 OK"
2025-05-03 18:22:29,232 - asyncio - ERROR - Task was destroyed but it is pending!
task: <Task pending name='Application:8022708659:update_fetcher' coro=<Application._update_fetcher() running at /home/runner/workspace/.pythonlibs/lib/python3.11/site-packages/telegram/ext/_application.py:1149> wait_for=<Future pending cb=[Task.task_wakeup()]>>
2025-05-03 18:24:32,112 - httpx - INFO - HTTP Request: POST https://api.telegram.org/bot8022708659:AAH5ePvKtUkY3386DUTtliJgR2OBABGxMas/getMe "HTTP/1.1 200 OK"
2025-05-03 18:24:32,297 - httpx - INFO - HTTP Request: POST https://api.telegram.org/bot8022708659:AAH5ePvKtUkY3386DUTtliJgR2OBABGxMas/deleteWebhook "HTTP/1.1 200 OK"
2025-05-03 18:24:32,300 - telegram.ext.Application - INFO - Application started
2025-05-03 18:24:42,872 - httpx - INFO - HTTP Request: POST https://api.telegram.org/bot8022708659:AAH5ePvKtUkY3386DUTtliJgR2OBABGxMas/getUpdates "HTTP/1.1 200 OK"
2025-05-03 18:24:53,058 - httpx - INFO - HTTP Request: POST https://api.telegram.org/bot8022708659:AAH5ePvKtUkY3386DUTtliJgR2OBABGxMas/getUpdates "HTTP/1.1 200 OK"
2025-05-03 18:25:03,246 - httpx - INFO - HTTP Request: POST https://api.telegram.org/bot8022708659:AAH5ePvKtUkY3386DUTtliJgR2OBABGxMas/getUpdates "HTTP/1.1 200 OK"
2025-05-03 18:25:03,684 - httpx - INFO - HTTP Request: POST https://api.telegram.org/bot8022708659:AAH5ePvKtUkY3386DUTtliJgR2OBABGxMas/getUpdates "HTTP/1.1 200 OK"
2025-05-03 18:25:04,492 - httpx - INFO - HTTP Request: POST https://api.telegram.org/bot8022708659:AAH5ePvKtUkY3386DUTtliJgR2OBABGxMas/sendMessage "HTTP/1.1 200 OK"
2025-05-03 18:25:07,862 - httpx - INFO - HTTP Request: POST https://api.telegram.org/bot8022708659:AAH5ePvKtUkY3386DUTtliJgR2OBABGxMas/getUpdates "HTTP/1.1 200 OK"
2025-05-03 18:25:17,907 - httpx - INFO - HTTP Request: POST https://api.telegram.org/bot8022708659:AAH5ePvKtUkY3386DUTtliJgR2OBABGxMas/getUpdates "HTTP/1.1 200 OK"
2025-05-03 18:25:18,574 - httpx - INFO - HTTP Request: POST https://api.telegram.org/bot8022708659:AAH5ePvKtUkY3386DUTtliJgR2OBABGxMas/sendMessage "HTTP/1.1 200 OK"
2025-05-03 18:25:20,792 - httpx - INFO - HTTP Request: POST https://api.telegram.org/bot8022708659:AAH5ePvKtUkY3386DUTtliJgR2OBABGxMas/getUpdates "HTTP/1.1 200 OK"
2025-05-03 18:25:21,016 - httpx - INFO - HTTP Request: POST https://api.telegram.org/bot8022708659:AAH5ePvKtUkY3386DUTtliJgR2OBABGxMas/sendMessage "HTTP/1.1 200 OK"
2025-05-03 18:25:22,180 - httpx - INFO - HTTP Request: POST https://api.telegram.org/bot8022708659:AAH5ePvKtUkY3386DUTtliJgR2OBABGxMas/getUpdates "HTTP/1.1 200 OK"
2025-05-03 18:25:22,393 - httpx - INFO - HTTP Request: POST https://api.telegram.org/bot8022708659:AAH5ePvKtUkY3386DUTtliJgR2OBABGxMas/sendMessage "HTTP/1.1 200 OK"
2025-05-03 18:25:22,587 - httpx - INFO - HTTP Request: POST https://api.telegram.org/bot8022708659:AAH5ePvKtUkY3386DUTtliJgR2OBABGxMas/answerCallbackQuery "HTTP/1.1 200 OK"
2025-05-03 18:25:27,021 - httpx - INFO - HTTP Request: POST https://api.telegram.org/bot8022708659:AAH5ePvKtUkY3386DUTtliJgR2OBABGxMas/getUpdates "HTTP/1.1 200 OK"
2025-05-03 18:25:27,022 - telegram.ext.Application - INFO - Application is stopping. This might take a moment.
2025-05-03 18:25:27,022 - telegram.ext.Application - INFO - Application.stop() complete
2025-05-03 18:30:11,794 - httpx - INFO - HTTP Request: POST https://api.telegram.org/bot8022708659:AAH5ePvKtUkY3386DUTtliJgR2OBABGxMas/getMe "HTTP/1.1 200 OK"
2025-05-03 18:30:11,982 - httpx - INFO - HTTP Request: POST https://api.telegram.org/bot8022708659:AAH5ePvKtUkY3386DUTtliJgR2OBABGxMas/deleteWebhook "HTTP/1.1 200 OK"
2025-05-03 18:30:11,983 - telegram.ext.Application - INFO - Application started
2025-05-03 18:30:12,537 - httpx - INFO - HTTP Request: POST https://api.telegram.org/bot8022708659:AAH5ePvKtUkY3386DUTtliJgR2OBABGxMas/getUpdates "HTTP/1.1 200 OK"
2025-05-03 18:30:17,011 - httpx - INFO - HTTP Request: POST https://api.telegram.org/bot8022708659:AAH5ePvKtUkY3386DUTtliJgR2OBABGxMas/getUpdates "HTTP/1.1 200 OK"
2025-05-03 18:30:18,899 - httpx - INFO - HTTP Request: POST https://api.telegram.org/bot8022708659:AAH5ePvKtUkY3386DUTtliJgR2OBABGxMas/getUpdates "HTTP/1.1 200 OK"
2025-05-03 18:30:19,543 - httpx - INFO - HTTP Request: POST https://api.telegram.org/bot8022708659:AAH5ePvKtUkY3386DUTtliJgR2OBABGxMas/sendMessage "HTTP/1.1 200 OK"
2025-05-03 18:30:22,398 - httpx - INFO - HTTP Request: POST https://api.telegram.org/bot8022708659:AAH5ePvKtUkY3386DUTtliJgR2OBABGxMas/getUpdates "HTTP/1.1 200 OK"
2025-05-03 18:30:22,658 - httpx - INFO - HTTP Request: POST https://api.telegram.org/bot8022708659:AAH5ePvKtUkY3386DUTtliJgR2OBABGxMas/sendMessage "HTTP/1.1 200 OK"
2025-05-03 18:30:22,866 - httpx - INFO - HTTP Request: POST https://api.telegram.org/bot8022708659:AAH5ePvKtUkY3386DUTtliJgR2OBABGxMas/sendMessage "HTTP/1.1 200 OK"
2025-05-03 18:30:27,642 - httpx - INFO - HTTP Request: POST https://api.telegram.org/bot8022708659:AAH5ePvKtUkY3386DUTtliJgR2OBABGxMas/getUpdates "HTTP/1.1 200 OK"
2025-05-03 18:30:27,876 - httpx - INFO - HTTP Request: POST https://api.telegram.org/bot8022708659:AAH5ePvKtUkY3386DUTtliJgR2OBABGxMas/sendMessage "HTTP/1.1 200 OK"
2025-05-03 18:30:37,835 - httpx - INFO - HTTP Request: POST https://api.telegram.org/bot8022708659:AAH5ePvKtUkY3386DUTtliJgR2OBABGxMas/getUpdates "HTTP/1.1 200 OK"
2025-05-03 18:30:48,024 - httpx - INFO - HTTP Request: POST https://api.telegram.org/bot8022708659:AAH5ePvKtUkY3386DUTtliJgR2OBABGxMas/getUpdates "HTTP/1.1 200 OK"
2025-05-03 18:30:58,214 - httpx - INFO - HTTP Request: POST https://api.telegram.org/bot8022708659:AAH5ePvKtUkY3386DUTtliJgR2OBABGxMas/getUpdates "HTTP/1.1 200 OK"
2025-05-03 18:31:06,750 - httpx - INFO - HTTP Request: POST https://api.telegram.org/bot8022708659:AAH5ePvKtUkY3386DUTtliJgR2OBABGxMas/getUpdates "HTTP/1.1 200 OK"
2025-05-03 18:31:06,752 - telegram.ext.Application - INFO - Application is stopping. This might take a moment.
2025-05-03 18:31:06,752 - telegram.ext.Application - INFO - Application.stop() complete
2025-05-03 18:35:52,076 - httpx - INFO - HTTP Request: POST https://api.telegram.org/bot8022708659:AAH5ePvKtUkY3386DUTtliJgR2OBABGxMas/getMe "HTTP/1.1 200 OK"
2025-05-03 18:35:52,262 - httpx - INFO - HTTP Request: POST https://api.telegram.org/bot8022708659:AAH5ePvKtUkY3386DUTtliJgR2OBABGxMas/deleteWebhook "HTTP/1.1 200 OK"
2025-05-03 18:35:52,264 - telegram.ext.Application - INFO - Application started
2025-05-03 18:35:55,078 - httpx - INFO - HTTP Request: POST https://api.telegram.org/bot8022708659:AAH5ePvKtUkY3386DUTtliJgR2OBABGxMas/getUpdates "HTTP/1.1 200 OK"
2025-05-03 18:35:55,119 - telegram.ext.Application - ERROR - No error handlers are registered, logging exception.
Traceback (most recent call last):
  File "/home/runner/workspace/.pythonlibs/lib/python3.11/site-packages/telegram/ext/_application.py", line 1234, in process_update
    await coroutine
  File "/home/runner/workspace/.pythonlibs/lib/python3.11/site-packages/telegram/ext/_basehandler.py", line 157, in handle_update
    return await self.callback(update, context)
           ^^^^^^^^^^^^^^^^^^^^^^^^^^^^^^^^^^^^
  File "/home/runner/workspace/handlers.py", line 16, in start
    reply_markup = InlineKeyboardMarkup([[InlineKeyboardButton("Нажмите для старта", url="http://t.me/orglinkhub")]])
                   ^^^^^^^^^^^^^^^^^^^^
NameError: name 'InlineKeyboardMarkup' is not defined
2025-05-03 18:36:00,422 - httpx - INFO - HTTP Request: POST https://api.telegram.org/bot8022708659:AAH5ePvKtUkY3386DUTtliJgR2OBABGxMas/getUpdates "HTTP/1.1 200 OK"
2025-05-03 18:36:00,464 - telegram.ext.Application - ERROR - No error handlers are registered, logging exception.
Traceback (most recent call last):
  File "/home/runner/workspace/.pythonlibs/lib/python3.11/site-packages/telegram/ext/_application.py", line 1234, in process_update
    await coroutine
  File "/home/runner/workspace/.pythonlibs/lib/python3.11/site-packages/telegram/ext/_basehandler.py", line 157, in handle_update
    return await self.callback(update, context)
           ^^^^^^^^^^^^^^^^^^^^^^^^^^^^^^^^^^^^
  File "/home/runner/workspace/handlers.py", line 16, in start
    reply_markup = InlineKeyboardMarkup([[InlineKeyboardButton("Нажмите для старта", url="http://t.me/orglinkhub")]])
                   ^^^^^^^^^^^^^^^^^^^^
NameError: name 'InlineKeyboardMarkup' is not defined
2025-05-03 18:36:05,855 - httpx - INFO - HTTP Request: POST https://api.telegram.org/bot8022708659:AAH5ePvKtUkY3386DUTtliJgR2OBABGxMas/getUpdates "HTTP/1.1 200 OK"
2025-05-03 18:36:05,883 - telegram.ext.Application - ERROR - No error handlers are registered, logging exception.
Traceback (most recent call last):
  File "/home/runner/workspace/.pythonlibs/lib/python3.11/site-packages/telegram/ext/_application.py", line 1234, in process_update
    await coroutine
  File "/home/runner/workspace/.pythonlibs/lib/python3.11/site-packages/telegram/ext/_basehandler.py", line 157, in handle_update
    return await self.callback(update, context)
           ^^^^^^^^^^^^^^^^^^^^^^^^^^^^^^^^^^^^
  File "/home/runner/workspace/handlers.py", line 16, in start
    reply_markup = InlineKeyboardMarkup([[InlineKeyboardButton("Нажмите для старта", url="http://t.me/orglinkhub")]])
                   ^^^^^^^^^^^^^^^^^^^^
NameError: name 'InlineKeyboardMarkup' is not defined
2025-05-03 18:36:16,070 - httpx - INFO - HTTP Request: POST https://api.telegram.org/bot8022708659:AAH5ePvKtUkY3386DUTtliJgR2OBABGxMas/getUpdates "HTTP/1.1 200 OK"
2025-05-03 18:36:26,258 - httpx - INFO - HTTP Request: POST https://api.telegram.org/bot8022708659:AAH5ePvKtUkY3386DUTtliJgR2OBABGxMas/getUpdates "HTTP/1.1 200 OK"
2025-05-03 18:36:36,447 - httpx - INFO - HTTP Request: POST https://api.telegram.org/bot8022708659:AAH5ePvKtUkY3386DUTtliJgR2OBABGxMas/getUpdates "HTTP/1.1 200 OK"
2025-05-03 18:36:46,634 - httpx - INFO - HTTP Request: POST https://api.telegram.org/bot8022708659:AAH5ePvKtUkY3386DUTtliJgR2OBABGxMas/getUpdates "HTTP/1.1 200 OK"
2025-05-03 18:36:56,823 - httpx - INFO - HTTP Request: POST https://api.telegram.org/bot8022708659:AAH5ePvKtUkY3386DUTtliJgR2OBABGxMas/getUpdates "HTTP/1.1 200 OK"
2025-05-03 18:37:07,013 - httpx - INFO - HTTP Request: POST https://api.telegram.org/bot8022708659:AAH5ePvKtUkY3386DUTtliJgR2OBABGxMas/getUpdates "HTTP/1.1 200 OK"
2025-05-03 18:37:17,202 - httpx - INFO - HTTP Request: POST https://api.telegram.org/bot8022708659:AAH5ePvKtUkY3386DUTtliJgR2OBABGxMas/getUpdates "HTTP/1.1 200 OK"
2025-05-03 18:37:27,433 - httpx - INFO - HTTP Request: POST https://api.telegram.org/bot8022708659:AAH5ePvKtUkY3386DUTtliJgR2OBABGxMas/getUpdates "HTTP/1.1 200 OK"
2025-05-03 18:37:37,622 - httpx - INFO - HTTP Request: POST https://api.telegram.org/bot8022708659:AAH5ePvKtUkY3386DUTtliJgR2OBABGxMas/getUpdates "HTTP/1.1 200 OK"
2025-05-03 18:37:47,811 - httpx - INFO - HTTP Request: POST https://api.telegram.org/bot8022708659:AAH5ePvKtUkY3386DUTtliJgR2OBABGxMas/getUpdates "HTTP/1.1 200 OK"
2025-05-03 18:37:58,000 - httpx - INFO - HTTP Request: POST https://api.telegram.org/bot8022708659:AAH5ePvKtUkY3386DUTtliJgR2OBABGxMas/getUpdates "HTTP/1.1 200 OK"
2025-05-03 18:38:08,192 - httpx - INFO - HTTP Request: POST https://api.telegram.org/bot8022708659:AAH5ePvKtUkY3386DUTtliJgR2OBABGxMas/getUpdates "HTTP/1.1 200 OK"
2025-05-03 18:38:18,380 - httpx - INFO - HTTP Request: POST https://api.telegram.org/bot8022708659:AAH5ePvKtUkY3386DUTtliJgR2OBABGxMas/getUpdates "HTTP/1.1 200 OK"
2025-05-03 18:38:28,569 - httpx - INFO - HTTP Request: POST https://api.telegram.org/bot8022708659:AAH5ePvKtUkY3386DUTtliJgR2OBABGxMas/getUpdates "HTTP/1.1 200 OK"
2025-05-03 18:38:38,756 - httpx - INFO - HTTP Request: POST https://api.telegram.org/bot8022708659:AAH5ePvKtUkY3386DUTtliJgR2OBABGxMas/getUpdates "HTTP/1.1 200 OK"
2025-05-03 18:38:48,943 - httpx - INFO - HTTP Request: POST https://api.telegram.org/bot8022708659:AAH5ePvKtUkY3386DUTtliJgR2OBABGxMas/getUpdates "HTTP/1.1 200 OK"
2025-05-03 18:38:59,133 - httpx - INFO - HTTP Request: POST https://api.telegram.org/bot8022708659:AAH5ePvKtUkY3386DUTtliJgR2OBABGxMas/getUpdates "HTTP/1.1 200 OK"
2025-05-03 18:39:07,593 - httpx - INFO - HTTP Request: POST https://api.telegram.org/bot8022708659:AAH5ePvKtUkY3386DUTtliJgR2OBABGxMas/getUpdates "HTTP/1.1 200 OK"
2025-05-03 18:39:07,594 - telegram.ext.Application - INFO - Application is stopping. This might take a moment.
2025-05-03 18:39:07,594 - telegram.ext.Application - INFO - Application.stop() complete
2025-05-03 18:39:27,379 - httpx - INFO - HTTP Request: POST https://api.telegram.org/bot8022708659:AAH5ePvKtUkY3386DUTtliJgR2OBABGxMas/getMe "HTTP/1.1 200 OK"
2025-05-03 18:39:27,567 - httpx - INFO - HTTP Request: POST https://api.telegram.org/bot8022708659:AAH5ePvKtUkY3386DUTtliJgR2OBABGxMas/deleteWebhook "HTTP/1.1 200 OK"
2025-05-03 18:39:27,569 - telegram.ext.Application - INFO - Application started
2025-05-03 18:39:31,886 - httpx - INFO - HTTP Request: POST https://api.telegram.org/bot8022708659:AAH5ePvKtUkY3386DUTtliJgR2OBABGxMas/getUpdates "HTTP/1.1 200 OK"
2025-05-03 18:39:32,285 - httpx - INFO - HTTP Request: POST https://api.telegram.org/bot8022708659:AAH5ePvKtUkY3386DUTtliJgR2OBABGxMas/sendMessage "HTTP/1.1 200 OK"
2025-05-03 18:39:42,127 - httpx - INFO - HTTP Request: POST https://api.telegram.org/bot8022708659:AAH5ePvKtUkY3386DUTtliJgR2OBABGxMas/getUpdates "HTTP/1.1 200 OK"
2025-05-03 18:39:47,535 - httpx - INFO - HTTP Request: POST https://api.telegram.org/bot8022708659:AAH5ePvKtUkY3386DUTtliJgR2OBABGxMas/getUpdates "HTTP/1.1 200 OK"
2025-05-03 18:39:48,484 - httpx - INFO - HTTP Request: POST https://api.telegram.org/bot8022708659:AAH5ePvKtUkY3386DUTtliJgR2OBABGxMas/sendMessage "HTTP/1.1 200 OK"
2025-05-03 18:39:48,760 - httpx - INFO - HTTP Request: POST https://api.telegram.org/bot8022708659:AAH5ePvKtUkY3386DUTtliJgR2OBABGxMas/sendMessage "HTTP/1.1 200 OK"
2025-05-03 18:39:57,137 - httpx - INFO - HTTP Request: POST https://api.telegram.org/bot8022708659:AAH5ePvKtUkY3386DUTtliJgR2OBABGxMas/getUpdates "HTTP/1.1 200 OK"
2025-05-03 18:39:57,717 - httpx - INFO - HTTP Request: POST https://api.telegram.org/bot8022708659:AAH5ePvKtUkY3386DUTtliJgR2OBABGxMas/sendMessage "HTTP/1.1 200 OK"
2025-05-03 18:40:07,326 - httpx - INFO - HTTP Request: POST https://api.telegram.org/bot8022708659:AAH5ePvKtUkY3386DUTtliJgR2OBABGxMas/getUpdates "HTTP/1.1 200 OK"
2025-05-03 18:40:17,515 - httpx - INFO - HTTP Request: POST https://api.telegram.org/bot8022708659:AAH5ePvKtUkY3386DUTtliJgR2OBABGxMas/getUpdates "HTTP/1.1 200 OK"
2025-05-03 18:40:27,704 - httpx - INFO - HTTP Request: POST https://api.telegram.org/bot8022708659:AAH5ePvKtUkY3386DUTtliJgR2OBABGxMas/getUpdates "HTTP/1.1 200 OK"
2025-05-03 18:40:37,894 - httpx - INFO - HTTP Request: POST https://api.telegram.org/bot8022708659:AAH5ePvKtUkY3386DUTtliJgR2OBABGxMas/getUpdates "HTTP/1.1 200 OK"
2025-05-03 18:40:48,082 - httpx - INFO - HTTP Request: POST https://api.telegram.org/bot8022708659:AAH5ePvKtUkY3386DUTtliJgR2OBABGxMas/getUpdates "HTTP/1.1 200 OK"
2025-05-03 18:40:57,906 - httpx - INFO - HTTP Request: POST https://api.telegram.org/bot8022708659:AAH5ePvKtUkY3386DUTtliJgR2OBABGxMas/getUpdates "HTTP/1.1 200 OK"
2025-05-03 18:40:57,907 - telegram.ext.Application - INFO - Application is stopping. This might take a moment.
2025-05-03 18:40:57,907 - telegram.ext.Application - INFO - Application.stop() complete
2025-05-03 18:41:47,768 - httpx - INFO - HTTP Request: POST https://api.telegram.org/bot8022708659:AAH5ePvKtUkY3386DUTtliJgR2OBABGxMas/getMe "HTTP/1.1 200 OK"
2025-05-03 18:41:47,963 - httpx - INFO - HTTP Request: POST https://api.telegram.org/bot8022708659:AAH5ePvKtUkY3386DUTtliJgR2OBABGxMas/deleteWebhook "HTTP/1.1 200 OK"
2025-05-03 18:41:47,964 - telegram.ext.Application - INFO - Application started
2025-05-03 18:41:58,522 - httpx - INFO - HTTP Request: POST https://api.telegram.org/bot8022708659:AAH5ePvKtUkY3386DUTtliJgR2OBABGxMas/getUpdates "HTTP/1.1 200 OK"
2025-05-03 18:41:58,706 - httpx - INFO - HTTP Request: POST https://api.telegram.org/bot8022708659:AAH5ePvKtUkY3386DUTtliJgR2OBABGxMas/getUpdates "HTTP/1.1 200 OK"
2025-05-03 18:41:59,340 - httpx - INFO - HTTP Request: POST https://api.telegram.org/bot8022708659:AAH5ePvKtUkY3386DUTtliJgR2OBABGxMas/sendMessage "HTTP/1.1 200 OK"
2025-05-03 18:42:08,903 - httpx - INFO - HTTP Request: POST https://api.telegram.org/bot8022708659:AAH5ePvKtUkY3386DUTtliJgR2OBABGxMas/getUpdates "HTTP/1.1 200 OK"
2025-05-03 18:42:15,283 - httpx - INFO - HTTP Request: POST https://api.telegram.org/bot8022708659:AAH5ePvKtUkY3386DUTtliJgR2OBABGxMas/getUpdates "HTTP/1.1 200 OK"
2025-05-03 18:42:15,284 - telegram.ext.Application - INFO - Application is stopping. This might take a moment.
2025-05-03 18:42:15,285 - telegram.ext.Application - INFO - Application.stop() complete
2025-05-03 18:42:52,646 - httpx - INFO - HTTP Request: POST https://api.telegram.org/bot8022708659:AAH5ePvKtUkY3386DUTtliJgR2OBABGxMas/getMe "HTTP/1.1 200 OK"
2025-05-03 18:42:52,833 - httpx - INFO - HTTP Request: POST https://api.telegram.org/bot8022708659:AAH5ePvKtUkY3386DUTtliJgR2OBABGxMas/deleteWebhook "HTTP/1.1 200 OK"
2025-05-03 18:42:52,836 - telegram.ext.Application - INFO - Application started
2025-05-03 18:43:03,378 - httpx - INFO - HTTP Request: POST https://api.telegram.org/bot8022708659:AAH5ePvKtUkY3386DUTtliJgR2OBABGxMas/getUpdates "HTTP/1.1 200 OK"
2025-05-03 18:43:04,104 - httpx - INFO - HTTP Request: POST https://api.telegram.org/bot8022708659:AAH5ePvKtUkY3386DUTtliJgR2OBABGxMas/sendMessage "HTTP/1.1 200 OK"
2025-05-03 18:43:13,615 - httpx - INFO - HTTP Request: POST https://api.telegram.org/bot8022708659:AAH5ePvKtUkY3386DUTtliJgR2OBABGxMas/getUpdates "HTTP/1.1 200 OK"
2025-05-03 18:43:17,780 - httpx - INFO - HTTP Request: POST https://api.telegram.org/bot8022708659:AAH5ePvKtUkY3386DUTtliJgR2OBABGxMas/getUpdates "HTTP/1.1 200 OK"
2025-05-03 18:43:18,498 - httpx - INFO - HTTP Request: POST https://api.telegram.org/bot8022708659:AAH5ePvKtUkY3386DUTtliJgR2OBABGxMas/sendMessage "HTTP/1.1 200 OK"
2025-05-03 18:43:18,715 - httpx - INFO - HTTP Request: POST https://api.telegram.org/bot8022708659:AAH5ePvKtUkY3386DUTtliJgR2OBABGxMas/sendMessage "HTTP/1.1 200 OK"
2025-05-03 18:43:26,017 - httpx - INFO - HTTP Request: POST https://api.telegram.org/bot8022708659:AAH5ePvKtUkY3386DUTtliJgR2OBABGxMas/getUpdates "HTTP/1.1 200 OK"
2025-05-03 18:43:26,627 - httpx - INFO - HTTP Request: POST https://api.telegram.org/bot8022708659:AAH5ePvKtUkY3386DUTtliJgR2OBABGxMas/sendMessage "HTTP/1.1 200 OK"
2025-05-03 18:43:36,205 - httpx - INFO - HTTP Request: POST https://api.telegram.org/bot8022708659:AAH5ePvKtUkY3386DUTtliJgR2OBABGxMas/getUpdates "HTTP/1.1 200 OK"
2025-05-03 18:43:46,391 - httpx - INFO - HTTP Request: POST https://api.telegram.org/bot8022708659:AAH5ePvKtUkY3386DUTtliJgR2OBABGxMas/getUpdates "HTTP/1.1 200 OK"
2025-05-03 18:43:56,578 - httpx - INFO - HTTP Request: POST https://api.telegram.org/bot8022708659:AAH5ePvKtUkY3386DUTtliJgR2OBABGxMas/getUpdates "HTTP/1.1 200 OK"
2025-05-03 18:44:06,769 - httpx - INFO - HTTP Request: POST https://api.telegram.org/bot8022708659:AAH5ePvKtUkY3386DUTtliJgR2OBABGxMas/getUpdates "HTTP/1.1 200 OK"
2025-05-03 18:44:16,956 - httpx - INFO - HTTP Request: POST https://api.telegram.org/bot8022708659:AAH5ePvKtUkY3386DUTtliJgR2OBABGxMas/getUpdates "HTTP/1.1 200 OK"
2025-05-03 18:44:27,144 - httpx - INFO - HTTP Request: POST https://api.telegram.org/bot8022708659:AAH5ePvKtUkY3386DUTtliJgR2OBABGxMas/getUpdates "HTTP/1.1 200 OK"
2025-05-03 18:44:37,330 - httpx - INFO - HTTP Request: POST https://api.telegram.org/bot8022708659:AAH5ePvKtUkY3386DUTtliJgR2OBABGxMas/getUpdates "HTTP/1.1 200 OK"
2025-05-03 18:44:47,516 - httpx - INFO - HTTP Request: POST https://api.telegram.org/bot8022708659:AAH5ePvKtUkY3386DUTtliJgR2OBABGxMas/getUpdates "HTTP/1.1 200 OK"
2025-05-03 18:44:57,701 - httpx - INFO - HTTP Request: POST https://api.telegram.org/bot8022708659:AAH5ePvKtUkY3386DUTtliJgR2OBABGxMas/getUpdates "HTTP/1.1 200 OK"
2025-05-03 18:45:07,888 - httpx - INFO - HTTP Request: POST https://api.telegram.org/bot8022708659:AAH5ePvKtUkY3386DUTtliJgR2OBABGxMas/getUpdates "HTTP/1.1 200 OK"
2025-05-03 18:45:18,082 - httpx - INFO - HTTP Request: POST https://api.telegram.org/bot8022708659:AAH5ePvKtUkY3386DUTtliJgR2OBABGxMas/getUpdates "HTTP/1.1 200 OK"
2025-05-03 18:45:28,272 - httpx - INFO - HTTP Request: POST https://api.telegram.org/bot8022708659:AAH5ePvKtUkY3386DUTtliJgR2OBABGxMas/getUpdates "HTTP/1.1 200 OK"
2025-05-03 18:45:38,462 - httpx - INFO - HTTP Request: POST https://api.telegram.org/bot8022708659:AAH5ePvKtUkY3386DUTtliJgR2OBABGxMas/getUpdates "HTTP/1.1 200 OK"
2025-05-03 18:45:48,657 - httpx - INFO - HTTP Request: POST https://api.telegram.org/bot8022708659:AAH5ePvKtUkY3386DUTtliJgR2OBABGxMas/getUpdates "HTTP/1.1 200 OK"
2025-05-03 18:45:58,848 - httpx - INFO - HTTP Request: POST https://api.telegram.org/bot8022708659:AAH5ePvKtUkY3386DUTtliJgR2OBABGxMas/getUpdates "HTTP/1.1 200 OK"
2025-05-03 18:46:09,065 - httpx - INFO - HTTP Request: POST https://api.telegram.org/bot8022708659:AAH5ePvKtUkY3386DUTtliJgR2OBABGxMas/getUpdates "HTTP/1.1 200 OK"
2025-05-03 18:46:19,250 - httpx - INFO - HTTP Request: POST https://api.telegram.org/bot8022708659:AAH5ePvKtUkY3386DUTtliJgR2OBABGxMas/getUpdates "HTTP/1.1 200 OK"
2025-05-03 18:46:29,438 - httpx - INFO - HTTP Request: POST https://api.telegram.org/bot8022708659:AAH5ePvKtUkY3386DUTtliJgR2OBABGxMas/getUpdates "HTTP/1.1 200 OK"
2025-05-03 18:46:39,625 - httpx - INFO - HTTP Request: POST https://api.telegram.org/bot8022708659:AAH5ePvKtUkY3386DUTtliJgR2OBABGxMas/getUpdates "HTTP/1.1 200 OK"
2025-05-03 18:46:49,814 - httpx - INFO - HTTP Request: POST https://api.telegram.org/bot8022708659:AAH5ePvKtUkY3386DUTtliJgR2OBABGxMas/getUpdates "HTTP/1.1 200 OK"
2025-05-03 18:47:00,027 - httpx - INFO - HTTP Request: POST https://api.telegram.org/bot8022708659:AAH5ePvKtUkY3386DUTtliJgR2OBABGxMas/getUpdates "HTTP/1.1 200 OK"
2025-05-03 18:47:10,213 - httpx - INFO - HTTP Request: POST https://api.telegram.org/bot8022708659:AAH5ePvKtUkY3386DUTtliJgR2OBABGxMas/getUpdates "HTTP/1.1 200 OK"
2025-05-03 18:47:20,420 - httpx - INFO - HTTP Request: POST https://api.telegram.org/bot8022708659:AAH5ePvKtUkY3386DUTtliJgR2OBABGxMas/getUpdates "HTTP/1.1 200 OK"
2025-05-03 18:47:30,605 - httpx - INFO - HTTP Request: POST https://api.telegram.org/bot8022708659:AAH5ePvKtUkY3386DUTtliJgR2OBABGxMas/getUpdates "HTTP/1.1 200 OK"
2025-05-03 18:47:40,793 - httpx - INFO - HTTP Request: POST https://api.telegram.org/bot8022708659:AAH5ePvKtUkY3386DUTtliJgR2OBABGxMas/getUpdates "HTTP/1.1 200 OK"
2025-05-03 18:47:50,980 - httpx - INFO - HTTP Request: POST https://api.telegram.org/bot8022708659:AAH5ePvKtUkY3386DUTtliJgR2OBABGxMas/getUpdates "HTTP/1.1 200 OK"
2025-05-03 18:48:01,169 - httpx - INFO - HTTP Request: POST https://api.telegram.org/bot8022708659:AAH5ePvKtUkY3386DUTtliJgR2OBABGxMas/getUpdates "HTTP/1.1 200 OK"
2025-05-03 18:48:11,356 - httpx - INFO - HTTP Request: POST https://api.telegram.org/bot8022708659:AAH5ePvKtUkY3386DUTtliJgR2OBABGxMas/getUpdates "HTTP/1.1 200 OK"
2025-05-03 18:48:21,541 - httpx - INFO - HTTP Request: POST https://api.telegram.org/bot8022708659:AAH5ePvKtUkY3386DUTtliJgR2OBABGxMas/getUpdates "HTTP/1.1 200 OK"
2025-05-03 18:48:31,727 - httpx - INFO - HTTP Request: POST https://api.telegram.org/bot8022708659:AAH5ePvKtUkY3386DUTtliJgR2OBABGxMas/getUpdates "HTTP/1.1 200 OK"
2025-05-03 18:48:41,912 - httpx - INFO - HTTP Request: POST https://api.telegram.org/bot8022708659:AAH5ePvKtUkY3386DUTtliJgR2OBABGxMas/getUpdates "HTTP/1.1 200 OK"
2025-05-03 18:48:52,098 - httpx - INFO - HTTP Request: POST https://api.telegram.org/bot8022708659:AAH5ePvKtUkY3386DUTtliJgR2OBABGxMas/getUpdates "HTTP/1.1 200 OK"
2025-05-03 18:49:02,284 - httpx - INFO - HTTP Request: POST https://api.telegram.org/bot8022708659:AAH5ePvKtUkY3386DUTtliJgR2OBABGxMas/getUpdates "HTTP/1.1 200 OK"
2025-05-03 18:55:01,259 - httpx - INFO - HTTP Request: POST https://api.telegram.org/bot8022708659:AAH5ePvKtUkY3386DUTtliJgR2OBABGxMas/getMe "HTTP/1.1 200 OK"
2025-05-03 18:55:01,450 - httpx - INFO - HTTP Request: POST https://api.telegram.org/bot8022708659:AAH5ePvKtUkY3386DUTtliJgR2OBABGxMas/deleteWebhook "HTTP/1.1 200 OK"
2025-05-03 18:55:01,452 - telegram.ext.Application - INFO - Application started
2025-05-03 18:55:02,042 - httpx - INFO - HTTP Request: POST https://api.telegram.org/bot8022708659:AAH5ePvKtUkY3386DUTtliJgR2OBABGxMas/getUpdates "HTTP/1.1 200 OK"
2025-05-03 18:55:02,352 - httpx - INFO - HTTP Request: POST https://api.telegram.org/bot8022708659:AAH5ePvKtUkY3386DUTtliJgR2OBABGxMas/sendMessage "HTTP/1.1 200 OK"
2025-05-03 18:55:02,659 - httpx - INFO - HTTP Request: POST https://api.telegram.org/bot8022708659:AAH5ePvKtUkY3386DUTtliJgR2OBABGxMas/sendMessage "HTTP/1.1 200 OK"
2025-05-03 18:55:12,269 - httpx - INFO - HTTP Request: POST https://api.telegram.org/bot8022708659:AAH5ePvKtUkY3386DUTtliJgR2OBABGxMas/getUpdates "HTTP/1.1 200 OK"
2025-05-03 18:55:22,455 - httpx - INFO - HTTP Request: POST https://api.telegram.org/bot8022708659:AAH5ePvKtUkY3386DUTtliJgR2OBABGxMas/getUpdates "HTTP/1.1 200 OK"
2025-05-03 18:55:32,663 - httpx - INFO - HTTP Request: POST https://api.telegram.org/bot8022708659:AAH5ePvKtUkY3386DUTtliJgR2OBABGxMas/getUpdates "HTTP/1.1 200 OK"
2025-05-03 18:55:42,849 - httpx - INFO - HTTP Request: POST https://api.telegram.org/bot8022708659:AAH5ePvKtUkY3386DUTtliJgR2OBABGxMas/getUpdates "HTTP/1.1 200 OK"
2025-05-03 18:55:53,037 - httpx - INFO - HTTP Request: POST https://api.telegram.org/bot8022708659:AAH5ePvKtUkY3386DUTtliJgR2OBABGxMas/getUpdates "HTTP/1.1 200 OK"
2025-05-03 18:56:03,224 - httpx - INFO - HTTP Request: POST https://api.telegram.org/bot8022708659:AAH5ePvKtUkY3386DUTtliJgR2OBABGxMas/getUpdates "HTTP/1.1 200 OK"
2025-05-03 18:56:13,412 - httpx - INFO - HTTP Request: POST https://api.telegram.org/bot8022708659:AAH5ePvKtUkY3386DUTtliJgR2OBABGxMas/getUpdates "HTTP/1.1 200 OK"
2025-05-03 18:56:23,600 - httpx - INFO - HTTP Request: POST https://api.telegram.org/bot8022708659:AAH5ePvKtUkY3386DUTtliJgR2OBABGxMas/getUpdates "HTTP/1.1 200 OK"
2025-05-03 18:56:33,787 - httpx - INFO - HTTP Request: POST https://api.telegram.org/bot8022708659:AAH5ePvKtUkY3386DUTtliJgR2OBABGxMas/getUpdates "HTTP/1.1 200 OK"
2025-05-03 18:56:43,975 - httpx - INFO - HTTP Request: POST https://api.telegram.org/bot8022708659:AAH5ePvKtUkY3386DUTtliJgR2OBABGxMas/getUpdates "HTTP/1.1 200 OK"
2025-05-03 18:56:54,181 - httpx - INFO - HTTP Request: POST https://api.telegram.org/bot8022708659:AAH5ePvKtUkY3386DUTtliJgR2OBABGxMas/getUpdates "HTTP/1.1 200 OK"
2025-05-03 18:57:04,368 - httpx - INFO - HTTP Request: POST https://api.telegram.org/bot8022708659:AAH5ePvKtUkY3386DUTtliJgR2OBABGxMas/getUpdates "HTTP/1.1 200 OK"
2025-05-03 18:57:14,555 - httpx - INFO - HTTP Request: POST https://api.telegram.org/bot8022708659:AAH5ePvKtUkY3386DUTtliJgR2OBABGxMas/getUpdates "HTTP/1.1 200 OK"
2025-05-03 18:57:24,743 - httpx - INFO - HTTP Request: POST https://api.telegram.org/bot8022708659:AAH5ePvKtUkY3386DUTtliJgR2OBABGxMas/getUpdates "HTTP/1.1 200 OK"
2025-05-03 18:57:46,435 - httpx - INFO - HTTP Request: POST https://api.telegram.org/bot8022708659:AAH5ePvKtUkY3386DUTtliJgR2OBABGxMas/getMe "HTTP/1.1 200 OK"
2025-05-03 18:57:46,622 - httpx - INFO - HTTP Request: POST https://api.telegram.org/bot8022708659:AAH5ePvKtUkY3386DUTtliJgR2OBABGxMas/deleteWebhook "HTTP/1.1 200 OK"
2025-05-03 18:57:46,624 - telegram.ext.Application - INFO - Application started
2025-05-03 18:57:57,183 - httpx - INFO - HTTP Request: POST https://api.telegram.org/bot8022708659:AAH5ePvKtUkY3386DUTtliJgR2OBABGxMas/getUpdates "HTTP/1.1 200 OK"
2025-05-03 18:58:07,373 - httpx - INFO - HTTP Request: POST https://api.telegram.org/bot8022708659:AAH5ePvKtUkY3386DUTtliJgR2OBABGxMas/getUpdates "HTTP/1.1 200 OK"
2025-05-03 18:58:14,670 - httpx - INFO - HTTP Request: POST https://api.telegram.org/bot8022708659:AAH5ePvKtUkY3386DUTtliJgR2OBABGxMas/getUpdates "HTTP/1.1 200 OK"
2025-05-03 18:58:15,401 - httpx - INFO - HTTP Request: POST https://api.telegram.org/bot8022708659:AAH5ePvKtUkY3386DUTtliJgR2OBABGxMas/sendMessage "HTTP/1.1 200 OK"
2025-05-03 18:58:24,909 - httpx - INFO - HTTP Request: POST https://api.telegram.org/bot8022708659:AAH5ePvKtUkY3386DUTtliJgR2OBABGxMas/getUpdates "HTTP/1.1 200 OK"
2025-05-03 18:58:26,974 - httpx - INFO - HTTP Request: POST https://api.telegram.org/bot8022708659:AAH5ePvKtUkY3386DUTtliJgR2OBABGxMas/getUpdates "HTTP/1.1 200 OK"
2025-05-03 18:58:27,699 - httpx - INFO - HTTP Request: POST https://api.telegram.org/bot8022708659:AAH5ePvKtUkY3386DUTtliJgR2OBABGxMas/sendMessage "HTTP/1.1 200 OK"
2025-05-03 18:58:28,005 - httpx - INFO - HTTP Request: POST https://api.telegram.org/bot8022708659:AAH5ePvKtUkY3386DUTtliJgR2OBABGxMas/sendMessage "HTTP/1.1 200 OK"
2025-05-03 18:58:37,240 - httpx - INFO - HTTP Request: POST https://api.telegram.org/bot8022708659:AAH5ePvKtUkY3386DUTtliJgR2OBABGxMas/getUpdates "HTTP/1.1 200 OK"
2025-05-03 18:58:47,429 - httpx - INFO - HTTP Request: POST https://api.telegram.org/bot8022708659:AAH5ePvKtUkY3386DUTtliJgR2OBABGxMas/getUpdates "HTTP/1.1 200 OK"
2025-05-03 18:58:49,584 - httpx - INFO - HTTP Request: POST https://api.telegram.org/bot8022708659:AAH5ePvKtUkY3386DUTtliJgR2OBABGxMas/getUpdates "HTTP/1.1 200 OK"
2025-05-03 18:58:50,250 - httpx - INFO - HTTP Request: POST https://api.telegram.org/bot8022708659:AAH5ePvKtUkY3386DUTtliJgR2OBABGxMas/sendMessage "HTTP/1.1 200 OK"
2025-05-03 18:58:59,771 - httpx - INFO - HTTP Request: POST https://api.telegram.org/bot8022708659:AAH5ePvKtUkY3386DUTtliJgR2OBABGxMas/getUpdates "HTTP/1.1 200 OK"
2025-05-03 18:59:09,965 - httpx - INFO - HTTP Request: POST https://api.telegram.org/bot8022708659:AAH5ePvKtUkY3386DUTtliJgR2OBABGxMas/getUpdates "HTTP/1.1 200 OK"
2025-05-03 18:59:18,308 - httpx - INFO - HTTP Request: POST https://api.telegram.org/bot8022708659:AAH5ePvKtUkY3386DUTtliJgR2OBABGxMas/getUpdates "HTTP/1.1 200 OK"
2025-05-03 18:59:18,309 - telegram.ext.Application - INFO - Application is stopping. This might take a moment.
2025-05-03 18:59:18,309 - telegram.ext.Application - INFO - Application.stop() complete
2025-05-03 18:59:46,295 - httpx - INFO - HTTP Request: POST https://api.telegram.org/bot8022708659:AAH5ePvKtUkY3386DUTtliJgR2OBABGxMas/getMe "HTTP/1.1 200 OK"
2025-05-03 18:59:46,481 - httpx - INFO - HTTP Request: POST https://api.telegram.org/bot8022708659:AAH5ePvKtUkY3386DUTtliJgR2OBABGxMas/deleteWebhook "HTTP/1.1 200 OK"
2025-05-03 18:59:46,484 - telegram.ext.Application - INFO - Application started
2025-05-03 18:59:49,461 - werkzeug - INFO - 172.31.128.67 - - [03/May/2025 18:59:49] "GET / HTTP/1.1" 200 -
2025-05-03 18:59:57,043 - httpx - INFO - HTTP Request: POST https://api.telegram.org/bot8022708659:AAH5ePvKtUkY3386DUTtliJgR2OBABGxMas/getUpdates "HTTP/1.1 200 OK"
2025-05-03 18:59:59,372 - httpx - INFO - HTTP Request: POST https://api.telegram.org/bot8022708659:AAH5ePvKtUkY3386DUTtliJgR2OBABGxMas/getUpdates "HTTP/1.1 200 OK"
2025-05-03 19:00:00,026 - httpx - INFO - HTTP Request: POST https://api.telegram.org/bot8022708659:AAH5ePvKtUkY3386DUTtliJgR2OBABGxMas/sendMessage "HTTP/1.1 200 OK"
2025-05-03 19:00:09,605 - httpx - INFO - HTTP Request: POST https://api.telegram.org/bot8022708659:AAH5ePvKtUkY3386DUTtliJgR2OBABGxMas/getUpdates "HTTP/1.1 200 OK"
2025-05-03 19:00:19,793 - httpx - INFO - HTTP Request: POST https://api.telegram.org/bot8022708659:AAH5ePvKtUkY3386DUTtliJgR2OBABGxMas/getUpdates "HTTP/1.1 200 OK"
2025-05-03 19:00:29,983 - httpx - INFO - HTTP Request: POST https://api.telegram.org/bot8022708659:AAH5ePvKtUkY3386DUTtliJgR2OBABGxMas/getUpdates "HTTP/1.1 200 OK"
2025-05-03 19:00:40,172 - httpx - INFO - HTTP Request: POST https://api.telegram.org/bot8022708659:AAH5ePvKtUkY3386DUTtliJgR2OBABGxMas/getUpdates "HTTP/1.1 200 OK"
2025-05-03 19:00:50,366 - httpx - INFO - HTTP Request: POST https://api.telegram.org/bot8022708659:AAH5ePvKtUkY3386DUTtliJgR2OBABGxMas/getUpdates "HTTP/1.1 200 OK"
2025-05-03 19:01:00,564 - httpx - INFO - HTTP Request: POST https://api.telegram.org/bot8022708659:AAH5ePvKtUkY3386DUTtliJgR2OBABGxMas/getUpdates "HTTP/1.1 200 OK"
2025-05-03 19:01:10,751 - httpx - INFO - HTTP Request: POST https://api.telegram.org/bot8022708659:AAH5ePvKtUkY3386DUTtliJgR2OBABGxMas/getUpdates "HTTP/1.1 200 OK"
2025-05-03 19:01:20,980 - httpx - INFO - HTTP Request: POST https://api.telegram.org/bot8022708659:AAH5ePvKtUkY3386DUTtliJgR2OBABGxMas/getUpdates "HTTP/1.1 200 OK"
2025-05-03 19:01:31,167 - httpx - INFO - HTTP Request: POST https://api.telegram.org/bot8022708659:AAH5ePvKtUkY3386DUTtliJgR2OBABGxMas/getUpdates "HTTP/1.1 200 OK"
2025-05-03 19:01:41,360 - httpx - INFO - HTTP Request: POST https://api.telegram.org/bot8022708659:AAH5ePvKtUkY3386DUTtliJgR2OBABGxMas/getUpdates "HTTP/1.1 200 OK"
2025-05-03 19:01:51,551 - httpx - INFO - HTTP Request: POST https://api.telegram.org/bot8022708659:AAH5ePvKtUkY3386DUTtliJgR2OBABGxMas/getUpdates "HTTP/1.1 200 OK"
2025-05-03 19:02:01,737 - httpx - INFO - HTTP Request: POST https://api.telegram.org/bot8022708659:AAH5ePvKtUkY3386DUTtliJgR2OBABGxMas/getUpdates "HTTP/1.1 200 OK"
2025-05-03 19:02:11,926 - httpx - INFO - HTTP Request: POST https://api.telegram.org/bot8022708659:AAH5ePvKtUkY3386DUTtliJgR2OBABGxMas/getUpdates "HTTP/1.1 200 OK"
2025-05-03 19:02:22,112 - httpx - INFO - HTTP Request: POST https://api.telegram.org/bot8022708659:AAH5ePvKtUkY3386DUTtliJgR2OBABGxMas/getUpdates "HTTP/1.1 200 OK"
2025-05-03 19:02:32,301 - httpx - INFO - HTTP Request: POST https://api.telegram.org/bot8022708659:AAH5ePvKtUkY3386DUTtliJgR2OBABGxMas/getUpdates "HTTP/1.1 200 OK"
2025-05-03 19:02:42,490 - httpx - INFO - HTTP Request: POST https://api.telegram.org/bot8022708659:AAH5ePvKtUkY3386DUTtliJgR2OBABGxMas/getUpdates "HTTP/1.1 200 OK"
2025-05-03 19:02:49,967 - werkzeug - INFO - 172.31.128.67 - - [03/May/2025 19:02:49] "GET / HTTP/1.1" 200 -
2025-05-03 19:02:52,677 - httpx - INFO - HTTP Request: POST https://api.telegram.org/bot8022708659:AAH5ePvKtUkY3386DUTtliJgR2OBABGxMas/getUpdates "HTTP/1.1 200 OK"
2025-05-03 19:03:02,865 - httpx - INFO - HTTP Request: POST https://api.telegram.org/bot8022708659:AAH5ePvKtUkY3386DUTtliJgR2OBABGxMas/getUpdates "HTTP/1.1 200 OK"
2025-05-03 19:03:13,053 - httpx - INFO - HTTP Request: POST https://api.telegram.org/bot8022708659:AAH5ePvKtUkY3386DUTtliJgR2OBABGxMas/getUpdates "HTTP/1.1 200 OK"
2025-05-03 19:03:23,244 - httpx - INFO - HTTP Request: POST https://api.telegram.org/bot8022708659:AAH5ePvKtUkY3386DUTtliJgR2OBABGxMas/getUpdates "HTTP/1.1 200 OK"
2025-05-03 19:03:33,436 - httpx - INFO - HTTP Request: POST https://api.telegram.org/bot8022708659:AAH5ePvKtUkY3386DUTtliJgR2OBABGxMas/getUpdates "HTTP/1.1 200 OK"
2025-05-03 19:03:43,623 - httpx - INFO - HTTP Request: POST https://api.telegram.org/bot8022708659:AAH5ePvKtUkY3386DUTtliJgR2OBABGxMas/getUpdates "HTTP/1.1 200 OK"
2025-05-03 19:03:53,813 - httpx - INFO - HTTP Request: POST https://api.telegram.org/bot8022708659:AAH5ePvKtUkY3386DUTtliJgR2OBABGxMas/getUpdates "HTTP/1.1 200 OK"
2025-05-03 19:04:04,003 - httpx - INFO - HTTP Request: POST https://api.telegram.org/bot8022708659:AAH5ePvKtUkY3386DUTtliJgR2OBABGxMas/getUpdates "HTTP/1.1 200 OK"
2025-05-03 19:04:14,192 - httpx - INFO - HTTP Request: POST https://api.telegram.org/bot8022708659:AAH5ePvKtUkY3386DUTtliJgR2OBABGxMas/getUpdates "HTTP/1.1 200 OK"
2025-05-03 19:04:24,381 - httpx - INFO - HTTP Request: POST https://api.telegram.org/bot8022708659:AAH5ePvKtUkY3386DUTtliJgR2OBABGxMas/getUpdates "HTTP/1.1 200 OK"
2025-05-03 19:04:30,251 - werkzeug - INFO - 172.31.128.67 - - [03/May/2025 19:04:30] "GET / HTTP/1.1" 200 -
2025-05-03 19:04:34,569 - httpx - INFO - HTTP Request: POST https://api.telegram.org/bot8022708659:AAH5ePvKtUkY3386DUTtliJgR2OBABGxMas/getUpdates "HTTP/1.1 200 OK"
2025-05-03 19:04:44,758 - httpx - INFO - HTTP Request: POST https://api.telegram.org/bot8022708659:AAH5ePvKtUkY3386DUTtliJgR2OBABGxMas/getUpdates "HTTP/1.1 200 OK"
2025-05-03 19:04:54,945 - httpx - INFO - HTTP Request: POST https://api.telegram.org/bot8022708659:AAH5ePvKtUkY3386DUTtliJgR2OBABGxMas/getUpdates "HTTP/1.1 200 OK"
2025-05-03 19:05:02,479 - werkzeug - INFO - 172.31.128.67 - - [03/May/2025 19:05:02] "GET / HTTP/1.1" 200 -
2025-05-03 19:05:05,133 - httpx - INFO - HTTP Request: POST https://api.telegram.org/bot8022708659:AAH5ePvKtUkY3386DUTtliJgR2OBABGxMas/getUpdates "HTTP/1.1 200 OK"
2025-05-03 19:05:15,320 - httpx - INFO - HTTP Request: POST https://api.telegram.org/bot8022708659:AAH5ePvKtUkY3386DUTtliJgR2OBABGxMas/getUpdates "HTTP/1.1 200 OK"
2025-05-03 19:05:21,048 - werkzeug - INFO - 172.31.128.67 - - [03/May/2025 19:05:21] "GET / HTTP/1.1" 200 -
2025-05-03 19:05:25,508 - httpx - INFO - HTTP Request: POST https://api.telegram.org/bot8022708659:AAH5ePvKtUkY3386DUTtliJgR2OBABGxMas/getUpdates "HTTP/1.1 200 OK"
2025-05-03 19:05:35,696 - httpx - INFO - HTTP Request: POST https://api.telegram.org/bot8022708659:AAH5ePvKtUkY3386DUTtliJgR2OBABGxMas/getUpdates "HTTP/1.1 200 OK"
2025-05-03 19:05:45,886 - httpx - INFO - HTTP Request: POST https://api.telegram.org/bot8022708659:AAH5ePvKtUkY3386DUTtliJgR2OBABGxMas/getUpdates "HTTP/1.1 200 OK"
2025-05-03 19:05:56,073 - httpx - INFO - HTTP Request: POST https://api.telegram.org/bot8022708659:AAH5ePvKtUkY3386DUTtliJgR2OBABGxMas/getUpdates "HTTP/1.1 200 OK"
2025-05-03 19:06:06,261 - httpx - INFO - HTTP Request: POST https://api.telegram.org/bot8022708659:AAH5ePvKtUkY3386DUTtliJgR2OBABGxMas/getUpdates "HTTP/1.1 200 OK"
2025-05-03 19:06:16,448 - httpx - INFO - HTTP Request: POST https://api.telegram.org/bot8022708659:AAH5ePvKtUkY3386DUTtliJgR2OBABGxMas/getUpdates "HTTP/1.1 200 OK"
2025-05-03 19:06:26,638 - httpx - INFO - HTTP Request: POST https://api.telegram.org/bot8022708659:AAH5ePvKtUkY3386DUTtliJgR2OBABGxMas/getUpdates "HTTP/1.1 200 OK"
2025-05-03 19:06:33,381 - werkzeug - INFO - 172.31.128.67 - - [03/May/2025 19:06:33] "HEAD / HTTP/1.1" 200 -
2025-05-03 19:06:36,825 - httpx - INFO - HTTP Request: POST https://api.telegram.org/bot8022708659:AAH5ePvKtUkY3386DUTtliJgR2OBABGxMas/getUpdates "HTTP/1.1 200 OK"
2025-05-03 19:06:47,017 - httpx - INFO - HTTP Request: POST https://api.telegram.org/bot8022708659:AAH5ePvKtUkY3386DUTtliJgR2OBABGxMas/getUpdates "HTTP/1.1 200 OK"
2025-05-03 19:06:57,206 - httpx - INFO - HTTP Request: POST https://api.telegram.org/bot8022708659:AAH5ePvKtUkY3386DUTtliJgR2OBABGxMas/getUpdates "HTTP/1.1 200 OK"
2025-05-03 19:07:07,395 - httpx - INFO - HTTP Request: POST https://api.telegram.org/bot8022708659:AAH5ePvKtUkY3386DUTtliJgR2OBABGxMas/getUpdates "HTTP/1.1 200 OK"
2025-05-03 19:07:17,582 - httpx - INFO - HTTP Request: POST https://api.telegram.org/bot8022708659:AAH5ePvKtUkY3386DUTtliJgR2OBABGxMas/getUpdates "HTTP/1.1 200 OK"
2025-05-03 19:07:27,774 - httpx - INFO - HTTP Request: POST https://api.telegram.org/bot8022708659:AAH5ePvKtUkY3386DUTtliJgR2OBABGxMas/getUpdates "HTTP/1.1 200 OK"
2025-05-03 19:07:37,961 - httpx - INFO - HTTP Request: POST https://api.telegram.org/bot8022708659:AAH5ePvKtUkY3386DUTtliJgR2OBABGxMas/getUpdates "HTTP/1.1 200 OK"
2025-05-03 19:09:09,568 - httpx - INFO - HTTP Request: POST https://api.telegram.org/bot8022708659:AAH5ePvKtUkY3386DUTtliJgR2OBABGxMas/getMe "HTTP/1.1 200 OK"
2025-05-03 19:09:09,756 - httpx - INFO - HTTP Request: POST https://api.telegram.org/bot8022708659:AAH5ePvKtUkY3386DUTtliJgR2OBABGxMas/deleteWebhook "HTTP/1.1 200 OK"
2025-05-03 19:09:09,758 - telegram.ext.Application - INFO - Application started
2025-05-03 19:09:10,313 - httpx - INFO - HTTP Request: POST https://api.telegram.org/bot8022708659:AAH5ePvKtUkY3386DUTtliJgR2OBABGxMas/getUpdates "HTTP/1.1 200 OK"
2025-05-03 19:09:10,649 - httpx - INFO - HTTP Request: POST https://api.telegram.org/bot8022708659:AAH5ePvKtUkY3386DUTtliJgR2OBABGxMas/sendMessage "HTTP/1.1 200 OK"
2025-05-03 19:09:10,961 - httpx - INFO - HTTP Request: POST https://api.telegram.org/bot8022708659:AAH5ePvKtUkY3386DUTtliJgR2OBABGxMas/sendMessage "HTTP/1.1 200 OK"
2025-05-03 19:09:13,838 - werkzeug - INFO - 172.31.128.77 - - [03/May/2025 19:09:13] "GET / HTTP/1.1" 200 -
2025-05-03 19:09:20,582 - httpx - INFO - HTTP Request: POST https://api.telegram.org/bot8022708659:AAH5ePvKtUkY3386DUTtliJgR2OBABGxMas/getUpdates "HTTP/1.1 200 OK"
2025-05-03 19:09:30,767 - httpx - INFO - HTTP Request: POST https://api.telegram.org/bot8022708659:AAH5ePvKtUkY3386DUTtliJgR2OBABGxMas/getUpdates "HTTP/1.1 200 OK"
2025-05-03 19:09:40,953 - httpx - INFO - HTTP Request: POST https://api.telegram.org/bot8022708659:AAH5ePvKtUkY3386DUTtliJgR2OBABGxMas/getUpdates "HTTP/1.1 200 OK"
2025-05-03 19:09:51,140 - httpx - INFO - HTTP Request: POST https://api.telegram.org/bot8022708659:AAH5ePvKtUkY3386DUTtliJgR2OBABGxMas/getUpdates "HTTP/1.1 200 OK"
2025-05-03 19:10:01,326 - httpx - INFO - HTTP Request: POST https://api.telegram.org/bot8022708659:AAH5ePvKtUkY3386DUTtliJgR2OBABGxMas/getUpdates "HTTP/1.1 200 OK"
2025-05-03 19:10:11,513 - httpx - INFO - HTTP Request: POST https://api.telegram.org/bot8022708659:AAH5ePvKtUkY3386DUTtliJgR2OBABGxMas/getUpdates "HTTP/1.1 200 OK"
2025-05-03 19:10:21,707 - httpx - INFO - HTTP Request: POST https://api.telegram.org/bot8022708659:AAH5ePvKtUkY3386DUTtliJgR2OBABGxMas/getUpdates "HTTP/1.1 200 OK"
2025-05-03 19:10:31,894 - httpx - INFO - HTTP Request: POST https://api.telegram.org/bot8022708659:AAH5ePvKtUkY3386DUTtliJgR2OBABGxMas/getUpdates "HTTP/1.1 200 OK"
2025-05-03 19:10:42,081 - httpx - INFO - HTTP Request: POST https://api.telegram.org/bot8022708659:AAH5ePvKtUkY3386DUTtliJgR2OBABGxMas/getUpdates "HTTP/1.1 200 OK"
2025-05-03 19:10:52,267 - httpx - INFO - HTTP Request: POST https://api.telegram.org/bot8022708659:AAH5ePvKtUkY3386DUTtliJgR2OBABGxMas/getUpdates "HTTP/1.1 200 OK"
2025-05-03 19:11:02,457 - httpx - INFO - HTTP Request: POST https://api.telegram.org/bot8022708659:AAH5ePvKtUkY3386DUTtliJgR2OBABGxMas/getUpdates "HTTP/1.1 200 OK"
2025-05-03 19:11:12,642 - httpx - INFO - HTTP Request: POST https://api.telegram.org/bot8022708659:AAH5ePvKtUkY3386DUTtliJgR2OBABGxMas/getUpdates "HTTP/1.1 200 OK"
2025-05-03 19:11:22,829 - httpx - INFO - HTTP Request: POST https://api.telegram.org/bot8022708659:AAH5ePvKtUkY3386DUTtliJgR2OBABGxMas/getUpdates "HTTP/1.1 200 OK"
2025-05-03 19:11:33,015 - httpx - INFO - HTTP Request: POST https://api.telegram.org/bot8022708659:AAH5ePvKtUkY3386DUTtliJgR2OBABGxMas/getUpdates "HTTP/1.1 200 OK"
2025-05-03 19:11:39,322 - werkzeug - INFO - 172.31.128.77 - - [03/May/2025 19:11:39] "HEAD / HTTP/1.1" 200 -
2025-05-03 19:11:43,201 - httpx - INFO - HTTP Request: POST https://api.telegram.org/bot8022708659:AAH5ePvKtUkY3386DUTtliJgR2OBABGxMas/getUpdates "HTTP/1.1 200 OK"
2025-05-03 19:11:52,546 - httpx - INFO - HTTP Request: POST https://api.telegram.org/bot8022708659:AAH5ePvKtUkY3386DUTtliJgR2OBABGxMas/getUpdates "HTTP/1.1 200 OK"
2025-05-03 19:11:53,300 - httpx - INFO - HTTP Request: POST https://api.telegram.org/bot8022708659:AAH5ePvKtUkY3386DUTtliJgR2OBABGxMas/sendMessage "HTTP/1.1 200 OK"
2025-05-03 19:11:57,831 - httpx - INFO - HTTP Request: POST https://api.telegram.org/bot8022708659:AAH5ePvKtUkY3386DUTtliJgR2OBABGxMas/getUpdates "HTTP/1.1 200 OK"
2025-05-03 19:11:58,103 - httpx - INFO - HTTP Request: POST https://api.telegram.org/bot8022708659:AAH5ePvKtUkY3386DUTtliJgR2OBABGxMas/sendMessage "HTTP/1.1 200 OK"
2025-05-03 19:12:08,074 - httpx - INFO - HTTP Request: POST https://api.telegram.org/bot8022708659:AAH5ePvKtUkY3386DUTtliJgR2OBABGxMas/getUpdates "HTTP/1.1 200 OK"
2025-05-03 19:13:55,299 - httpx - INFO - HTTP Request: POST https://api.telegram.org/bot8022708659:AAH5ePvKtUkY3386DUTtliJgR2OBABGxMas/getMe "HTTP/1.1 200 OK"
2025-05-03 19:13:55,486 - httpx - INFO - HTTP Request: POST https://api.telegram.org/bot8022708659:AAH5ePvKtUkY3386DUTtliJgR2OBABGxMas/deleteWebhook "HTTP/1.1 200 OK"
2025-05-03 19:13:55,488 - telegram.ext.Application - INFO - Application started
2025-05-03 19:13:56,045 - httpx - INFO - HTTP Request: POST https://api.telegram.org/bot8022708659:AAH5ePvKtUkY3386DUTtliJgR2OBABGxMas/getUpdates "HTTP/1.1 200 OK"
2025-05-03 19:13:56,427 - httpx - INFO - HTTP Request: POST https://api.telegram.org/bot8022708659:AAH5ePvKtUkY3386DUTtliJgR2OBABGxMas/sendMessage "HTTP/1.1 200 OK"
2025-05-03 19:13:56,707 - httpx - INFO - HTTP Request: POST https://api.telegram.org/bot8022708659:AAH5ePvKtUkY3386DUTtliJgR2OBABGxMas/sendMessage "HTTP/1.1 200 OK"
2025-05-03 19:13:56,966 - werkzeug - INFO - 172.31.128.59 - - [03/May/2025 19:13:56] "GET / HTTP/1.1" 200 -
2025-05-03 19:13:57,010 - httpx - INFO - HTTP Request: POST https://api.telegram.org/bot8022708659:AAH5ePvKtUkY3386DUTtliJgR2OBABGxMas/sendMessage "HTTP/1.1 200 OK"
2025-05-03 19:14:05,746 - httpx - INFO - HTTP Request: POST https://api.telegram.org/bot8022708659:AAH5ePvKtUkY3386DUTtliJgR2OBABGxMas/getUpdates "HTTP/1.1 200 OK"
2025-05-03 19:14:06,385 - httpx - INFO - HTTP Request: POST https://api.telegram.org/bot8022708659:AAH5ePvKtUkY3386DUTtliJgR2OBABGxMas/sendMessage "HTTP/1.1 200 OK"
2025-05-03 19:14:15,991 - httpx - INFO - HTTP Request: POST https://api.telegram.org/bot8022708659:AAH5ePvKtUkY3386DUTtliJgR2OBABGxMas/getUpdates "HTTP/1.1 200 OK"
2025-05-03 19:14:26,177 - httpx - INFO - HTTP Request: POST https://api.telegram.org/bot8022708659:AAH5ePvKtUkY3386DUTtliJgR2OBABGxMas/getUpdates "HTTP/1.1 200 OK"
2025-05-03 19:14:36,370 - httpx - INFO - HTTP Request: POST https://api.telegram.org/bot8022708659:AAH5ePvKtUkY3386DUTtliJgR2OBABGxMas/getUpdates "HTTP/1.1 200 OK"
2025-05-03 19:14:46,564 - httpx - INFO - HTTP Request: POST https://api.telegram.org/bot8022708659:AAH5ePvKtUkY3386DUTtliJgR2OBABGxMas/getUpdates "HTTP/1.1 200 OK"
2025-05-03 19:14:56,753 - httpx - INFO - HTTP Request: POST https://api.telegram.org/bot8022708659:AAH5ePvKtUkY3386DUTtliJgR2OBABGxMas/getUpdates "HTTP/1.1 200 OK"
2025-05-03 19:15:06,942 - httpx - INFO - HTTP Request: POST https://api.telegram.org/bot8022708659:AAH5ePvKtUkY3386DUTtliJgR2OBABGxMas/getUpdates "HTTP/1.1 200 OK"
2025-05-03 19:15:17,136 - httpx - INFO - HTTP Request: POST https://api.telegram.org/bot8022708659:AAH5ePvKtUkY3386DUTtliJgR2OBABGxMas/getUpdates "HTTP/1.1 200 OK"
2025-05-03 19:15:27,323 - httpx - INFO - HTTP Request: POST https://api.telegram.org/bot8022708659:AAH5ePvKtUkY3386DUTtliJgR2OBABGxMas/getUpdates "HTTP/1.1 200 OK"
2025-05-03 19:15:37,514 - httpx - INFO - HTTP Request: POST https://api.telegram.org/bot8022708659:AAH5ePvKtUkY3386DUTtliJgR2OBABGxMas/getUpdates "HTTP/1.1 200 OK"
2025-05-03 19:15:47,701 - httpx - INFO - HTTP Request: POST https://api.telegram.org/bot8022708659:AAH5ePvKtUkY3386DUTtliJgR2OBABGxMas/getUpdates "HTTP/1.1 200 OK"
2025-05-03 19:15:57,889 - httpx - INFO - HTTP Request: POST https://api.telegram.org/bot8022708659:AAH5ePvKtUkY3386DUTtliJgR2OBABGxMas/getUpdates "HTTP/1.1 200 OK"
2025-05-03 19:16:08,079 - httpx - INFO - HTTP Request: POST https://api.telegram.org/bot8022708659:AAH5ePvKtUkY3386DUTtliJgR2OBABGxMas/getUpdates "HTTP/1.1 200 OK"
2025-05-03 19:16:18,266 - httpx - INFO - HTTP Request: POST https://api.telegram.org/bot8022708659:AAH5ePvKtUkY3386DUTtliJgR2OBABGxMas/getUpdates "HTTP/1.1 200 OK"
2025-05-03 19:16:28,452 - httpx - INFO - HTTP Request: POST https://api.telegram.org/bot8022708659:AAH5ePvKtUkY3386DUTtliJgR2OBABGxMas/getUpdates "HTTP/1.1 200 OK"
2025-05-03 19:16:38,638 - httpx - INFO - HTTP Request: POST https://api.telegram.org/bot8022708659:AAH5ePvKtUkY3386DUTtliJgR2OBABGxMas/getUpdates "HTTP/1.1 200 OK"
2025-05-03 19:16:45,909 - werkzeug - INFO - 172.31.128.59 - - [03/May/2025 19:16:45] "HEAD / HTTP/1.1" 200 -
2025-05-03 19:16:48,831 - httpx - INFO - HTTP Request: POST https://api.telegram.org/bot8022708659:AAH5ePvKtUkY3386DUTtliJgR2OBABGxMas/getUpdates "HTTP/1.1 200 OK"
2025-05-03 19:16:59,019 - httpx - INFO - HTTP Request: POST https://api.telegram.org/bot8022708659:AAH5ePvKtUkY3386DUTtliJgR2OBABGxMas/getUpdates "HTTP/1.1 200 OK"
2025-05-03 19:17:09,205 - httpx - INFO - HTTP Request: POST https://api.telegram.org/bot8022708659:AAH5ePvKtUkY3386DUTtliJgR2OBABGxMas/getUpdates "HTTP/1.1 200 OK"
2025-05-03 19:17:19,392 - httpx - INFO - HTTP Request: POST https://api.telegram.org/bot8022708659:AAH5ePvKtUkY3386DUTtliJgR2OBABGxMas/getUpdates "HTTP/1.1 200 OK"
2025-05-03 19:17:29,581 - httpx - INFO - HTTP Request: POST https://api.telegram.org/bot8022708659:AAH5ePvKtUkY3386DUTtliJgR2OBABGxMas/getUpdates "HTTP/1.1 200 OK"
2025-05-03 19:17:39,786 - httpx - INFO - HTTP Request: POST https://api.telegram.org/bot8022708659:AAH5ePvKtUkY3386DUTtliJgR2OBABGxMas/getUpdates "HTTP/1.1 200 OK"
2025-05-03 19:17:49,971 - httpx - INFO - HTTP Request: POST https://api.telegram.org/bot8022708659:AAH5ePvKtUkY3386DUTtliJgR2OBABGxMas/getUpdates "HTTP/1.1 200 OK"
2025-05-03 19:18:00,159 - httpx - INFO - HTTP Request: POST https://api.telegram.org/bot8022708659:AAH5ePvKtUkY3386DUTtliJgR2OBABGxMas/getUpdates "HTTP/1.1 200 OK"
2025-05-03 19:18:10,343 - httpx - INFO - HTTP Request: POST https://api.telegram.org/bot8022708659:AAH5ePvKtUkY3386DUTtliJgR2OBABGxMas/getUpdates "HTTP/1.1 200 OK"
2025-05-03 19:18:20,531 - httpx - INFO - HTTP Request: POST https://api.telegram.org/bot8022708659:AAH5ePvKtUkY3386DUTtliJgR2OBABGxMas/getUpdates "HTTP/1.1 200 OK"
2025-05-03 19:18:30,726 - httpx - INFO - HTTP Request: POST https://api.telegram.org/bot8022708659:AAH5ePvKtUkY3386DUTtliJgR2OBABGxMas/getUpdates "HTTP/1.1 200 OK"
2025-05-03 19:18:40,913 - httpx - INFO - HTTP Request: POST https://api.telegram.org/bot8022708659:AAH5ePvKtUkY3386DUTtliJgR2OBABGxMas/getUpdates "HTTP/1.1 200 OK"
2025-05-03 19:18:51,099 - httpx - INFO - HTTP Request: POST https://api.telegram.org/bot8022708659:AAH5ePvKtUkY3386DUTtliJgR2OBABGxMas/getUpdates "HTTP/1.1 200 OK"
2025-05-03 19:19:01,285 - httpx - INFO - HTTP Request: POST https://api.telegram.org/bot8022708659:AAH5ePvKtUkY3386DUTtliJgR2OBABGxMas/getUpdates "HTTP/1.1 200 OK"
2025-05-03 19:19:11,475 - httpx - INFO - HTTP Request: POST https://api.telegram.org/bot8022708659:AAH5ePvKtUkY3386DUTtliJgR2OBABGxMas/getUpdates "HTTP/1.1 200 OK"
2025-05-03 19:19:21,663 - httpx - INFO - HTTP Request: POST https://api.telegram.org/bot8022708659:AAH5ePvKtUkY3386DUTtliJgR2OBABGxMas/getUpdates "HTTP/1.1 200 OK"
2025-05-03 19:19:31,852 - httpx - INFO - HTTP Request: POST https://api.telegram.org/bot8022708659:AAH5ePvKtUkY3386DUTtliJgR2OBABGxMas/getUpdates "HTTP/1.1 200 OK"
2025-05-03 19:19:42,042 - httpx - INFO - HTTP Request: POST https://api.telegram.org/bot8022708659:AAH5ePvKtUkY3386DUTtliJgR2OBABGxMas/getUpdates "HTTP/1.1 200 OK"
2025-05-03 19:19:52,226 - httpx - INFO - HTTP Request: POST https://api.telegram.org/bot8022708659:AAH5ePvKtUkY3386DUTtliJgR2OBABGxMas/getUpdates "HTTP/1.1 200 OK"
2025-05-03 19:20:02,411 - httpx - INFO - HTTP Request: POST https://api.telegram.org/bot8022708659:AAH5ePvKtUkY3386DUTtliJgR2OBABGxMas/getUpdates "HTTP/1.1 200 OK"
2025-05-03 19:20:12,601 - httpx - INFO - HTTP Request: POST https://api.telegram.org/bot8022708659:AAH5ePvKtUkY3386DUTtliJgR2OBABGxMas/getUpdates "HTTP/1.1 200 OK"
2025-05-03 19:20:22,798 - httpx - INFO - HTTP Request: POST https://api.telegram.org/bot8022708659:AAH5ePvKtUkY3386DUTtliJgR2OBABGxMas/getUpdates "HTTP/1.1 200 OK"
2025-05-03 19:20:33,008 - httpx - INFO - HTTP Request: POST https://api.telegram.org/bot8022708659:AAH5ePvKtUkY3386DUTtliJgR2OBABGxMas/getUpdates "HTTP/1.1 200 OK"
2025-05-03 19:20:43,199 - httpx - INFO - HTTP Request: POST https://api.telegram.org/bot8022708659:AAH5ePvKtUkY3386DUTtliJgR2OBABGxMas/getUpdates "HTTP/1.1 200 OK"
2025-05-03 19:20:53,386 - httpx - INFO - HTTP Request: POST https://api.telegram.org/bot8022708659:AAH5ePvKtUkY3386DUTtliJgR2OBABGxMas/getUpdates "HTTP/1.1 200 OK"
2025-05-03 19:21:03,573 - httpx - INFO - HTTP Request: POST https://api.telegram.org/bot8022708659:AAH5ePvKtUkY3386DUTtliJgR2OBABGxMas/getUpdates "HTTP/1.1 200 OK"
2025-05-03 19:21:13,759 - httpx - INFO - HTTP Request: POST https://api.telegram.org/bot8022708659:AAH5ePvKtUkY3386DUTtliJgR2OBABGxMas/getUpdates "HTTP/1.1 200 OK"
2025-05-03 19:21:23,950 - httpx - INFO - HTTP Request: POST https://api.telegram.org/bot8022708659:AAH5ePvKtUkY3386DUTtliJgR2OBABGxMas/getUpdates "HTTP/1.1 200 OK"
2025-05-03 19:21:34,144 - httpx - INFO - HTTP Request: POST https://api.telegram.org/bot8022708659:AAH5ePvKtUkY3386DUTtliJgR2OBABGxMas/getUpdates "HTTP/1.1 200 OK"
2025-05-03 19:21:44,330 - httpx - INFO - HTTP Request: POST https://api.telegram.org/bot8022708659:AAH5ePvKtUkY3386DUTtliJgR2OBABGxMas/getUpdates "HTTP/1.1 200 OK"
2025-05-03 19:21:51,877 - werkzeug - INFO - 172.31.128.59 - - [03/May/2025 19:21:51] "HEAD / HTTP/1.1" 200 -
2025-05-03 19:21:54,516 - httpx - INFO - HTTP Request: POST https://api.telegram.org/bot8022708659:AAH5ePvKtUkY3386DUTtliJgR2OBABGxMas/getUpdates "HTTP/1.1 200 OK"
2025-05-03 19:22:04,704 - httpx - INFO - HTTP Request: POST https://api.telegram.org/bot8022708659:AAH5ePvKtUkY3386DUTtliJgR2OBABGxMas/getUpdates "HTTP/1.1 200 OK"
2025-05-03 19:22:14,894 - httpx - INFO - HTTP Request: POST https://api.telegram.org/bot8022708659:AAH5ePvKtUkY3386DUTtliJgR2OBABGxMas/getUpdates "HTTP/1.1 200 OK"
2025-05-03 19:22:25,080 - httpx - INFO - HTTP Request: POST https://api.telegram.org/bot8022708659:AAH5ePvKtUkY3386DUTtliJgR2OBABGxMas/getUpdates "HTTP/1.1 200 OK"
2025-05-03 19:22:35,267 - httpx - INFO - HTTP Request: POST https://api.telegram.org/bot8022708659:AAH5ePvKtUkY3386DUTtliJgR2OBABGxMas/getUpdates "HTTP/1.1 200 OK"
2025-05-03 19:22:45,457 - httpx - INFO - HTTP Request: POST https://api.telegram.org/bot8022708659:AAH5ePvKtUkY3386DUTtliJgR2OBABGxMas/getUpdates "HTTP/1.1 200 OK"
2025-05-03 19:22:55,653 - httpx - INFO - HTTP Request: POST https://api.telegram.org/bot8022708659:AAH5ePvKtUkY3386DUTtliJgR2OBABGxMas/getUpdates "HTTP/1.1 200 OK"
2025-05-03 19:23:05,842 - httpx - INFO - HTTP Request: POST https://api.telegram.org/bot8022708659:AAH5ePvKtUkY3386DUTtliJgR2OBABGxMas/getUpdates "HTTP/1.1 200 OK"
2025-05-03 19:23:16,034 - httpx - INFO - HTTP Request: POST https://api.telegram.org/bot8022708659:AAH5ePvKtUkY3386DUTtliJgR2OBABGxMas/getUpdates "HTTP/1.1 200 OK"
2025-05-03 19:23:26,220 - httpx - INFO - HTTP Request: POST https://api.telegram.org/bot8022708659:AAH5ePvKtUkY3386DUTtliJgR2OBABGxMas/getUpdates "HTTP/1.1 200 OK"
2025-05-03 19:23:36,406 - httpx - INFO - HTTP Request: POST https://api.telegram.org/bot8022708659:AAH5ePvKtUkY3386DUTtliJgR2OBABGxMas/getUpdates "HTTP/1.1 200 OK"
2025-05-03 19:23:46,590 - httpx - INFO - HTTP Request: POST https://api.telegram.org/bot8022708659:AAH5ePvKtUkY3386DUTtliJgR2OBABGxMas/getUpdates "HTTP/1.1 200 OK"
2025-05-03 19:23:56,780 - httpx - INFO - HTTP Request: POST https://api.telegram.org/bot8022708659:AAH5ePvKtUkY3386DUTtliJgR2OBABGxMas/getUpdates "HTTP/1.1 200 OK"
2025-05-03 19:24:06,967 - httpx - INFO - HTTP Request: POST https://api.telegram.org/bot8022708659:AAH5ePvKtUkY3386DUTtliJgR2OBABGxMas/getUpdates "HTTP/1.1 200 OK"
2025-05-03 19:24:17,152 - httpx - INFO - HTTP Request: POST https://api.telegram.org/bot8022708659:AAH5ePvKtUkY3386DUTtliJgR2OBABGxMas/getUpdates "HTTP/1.1 200 OK"
2025-05-03 19:24:27,339 - httpx - INFO - HTTP Request: POST https://api.telegram.org/bot8022708659:AAH5ePvKtUkY3386DUTtliJgR2OBABGxMas/getUpdates "HTTP/1.1 200 OK"
2025-05-03 19:24:37,525 - httpx - INFO - HTTP Request: POST https://api.telegram.org/bot8022708659:AAH5ePvKtUkY3386DUTtliJgR2OBABGxMas/getUpdates "HTTP/1.1 200 OK"
2025-05-03 19:24:47,721 - httpx - INFO - HTTP Request: POST https://api.telegram.org/bot8022708659:AAH5ePvKtUkY3386DUTtliJgR2OBABGxMas/getUpdates "HTTP/1.1 200 OK"
2025-05-03 19:24:57,910 - httpx - INFO - HTTP Request: POST https://api.telegram.org/bot8022708659:AAH5ePvKtUkY3386DUTtliJgR2OBABGxMas/getUpdates "HTTP/1.1 200 OK"
2025-05-03 19:25:08,097 - httpx - INFO - HTTP Request: POST https://api.telegram.org/bot8022708659:AAH5ePvKtUkY3386DUTtliJgR2OBABGxMas/getUpdates "HTTP/1.1 200 OK"
2025-05-03 19:25:18,283 - httpx - INFO - HTTP Request: POST https://api.telegram.org/bot8022708659:AAH5ePvKtUkY3386DUTtliJgR2OBABGxMas/getUpdates "HTTP/1.1 200 OK"
2025-05-03 19:25:28,470 - httpx - INFO - HTTP Request: POST https://api.telegram.org/bot8022708659:AAH5ePvKtUkY3386DUTtliJgR2OBABGxMas/getUpdates "HTTP/1.1 200 OK"
2025-05-03 19:25:38,656 - httpx - INFO - HTTP Request: POST https://api.telegram.org/bot8022708659:AAH5ePvKtUkY3386DUTtliJgR2OBABGxMas/getUpdates "HTTP/1.1 200 OK"
2025-05-03 19:25:48,847 - httpx - INFO - HTTP Request: POST https://api.telegram.org/bot8022708659:AAH5ePvKtUkY3386DUTtliJgR2OBABGxMas/getUpdates "HTTP/1.1 200 OK"
2025-05-03 19:25:59,034 - httpx - INFO - HTTP Request: POST https://api.telegram.org/bot8022708659:AAH5ePvKtUkY3386DUTtliJgR2OBABGxMas/getUpdates "HTTP/1.1 200 OK"
2025-05-03 19:26:09,221 - httpx - INFO - HTTP Request: POST https://api.telegram.org/bot8022708659:AAH5ePvKtUkY3386DUTtliJgR2OBABGxMas/getUpdates "HTTP/1.1 200 OK"
2025-05-03 19:26:19,414 - httpx - INFO - HTTP Request: POST https://api.telegram.org/bot8022708659:AAH5ePvKtUkY3386DUTtliJgR2OBABGxMas/getUpdates "HTTP/1.1 200 OK"
2025-05-03 19:26:29,599 - httpx - INFO - HTTP Request: POST https://api.telegram.org/bot8022708659:AAH5ePvKtUkY3386DUTtliJgR2OBABGxMas/getUpdates "HTTP/1.1 200 OK"
2025-05-03 19:26:39,784 - httpx - INFO - HTTP Request: POST https://api.telegram.org/bot8022708659:AAH5ePvKtUkY3386DUTtliJgR2OBABGxMas/getUpdates "HTTP/1.1 200 OK"
2025-05-03 19:26:49,972 - httpx - INFO - HTTP Request: POST https://api.telegram.org/bot8022708659:AAH5ePvKtUkY3386DUTtliJgR2OBABGxMas/getUpdates "HTTP/1.1 200 OK"
2025-05-03 19:26:57,729 - werkzeug - INFO - 172.31.128.59 - - [03/May/2025 19:26:57] "HEAD / HTTP/1.1" 200 -
2025-05-03 19:27:00,161 - httpx - INFO - HTTP Request: POST https://api.telegram.org/bot8022708659:AAH5ePvKtUkY3386DUTtliJgR2OBABGxMas/getUpdates "HTTP/1.1 200 OK"
2025-05-03 19:27:10,350 - httpx - INFO - HTTP Request: POST https://api.telegram.org/bot8022708659:AAH5ePvKtUkY3386DUTtliJgR2OBABGxMas/getUpdates "HTTP/1.1 200 OK"
2025-05-03 19:27:20,537 - httpx - INFO - HTTP Request: POST https://api.telegram.org/bot8022708659:AAH5ePvKtUkY3386DUTtliJgR2OBABGxMas/getUpdates "HTTP/1.1 200 OK"
